26.10. 11:24:55.180    ***Logfile for Mental Omega client***
26.10. 11:24:55.182    Client version: 2.6.10.3
26.10. 11:24:55.182    Loading settings.
26.10. 11:24:56.075    Initializing updater.
26.10. 11:24:56.078    Update mirror count: 1
26.10. 11:24:56.078    Running from: clientdx.exe
26.10. 11:24:56.079    Operating system: Microsoft Windows NT 6.2.9200.0
26.10. 11:24:56.079    Selected OS profile: WIN810
26.10. 11:24:56.083    Removing partial custom component downloads.
26.10. 11:24:56.084    Checking for the existence of FinalSun.ini.
26.10. 11:24:56.084    FinalSun settings file exists.
26.10. 11:24:56.097    Writing installation path to the Windows registry.
26.10. 11:24:56.099    Starting background processing of INI files.
26.10. 11:24:56.099    /INI/Base does not exist, skipping background processing of INI files.
26.10. 11:24:58.820    Hardware info: 13th Gen Intel(R) Core(TM) i7-13620H (10 cores) | Video controller: Intel(R) UHD Graphics | Total physical memory: 32GB
26.10. 11:24:59.607    Initializing GameClass.
26.10. 11:25:00.024    InitGraphicsMode: 1280x720
26.10. 11:25:00.279    Loading maps.
26.10. 11:25:00.282    Checking local file versions.
26.10. 11:25:00.991    Map MapsMO\Standard\【MO酒馆】 doesn't exist!
26.10. 11:25:00.991    Map MapsMO\Standard\【科技争夺】 doesn't exist!
26.10. 11:25:00.991    Map MapsMO\Standard\【适者生存】寂静岭 doesn't exist!
26.10. 11:25:01.037    Map MapsMO\Standard\【群雄割据】韦斯特菲尔德 doesn't exist!
26.10. 11:25:01.037    Map MapsMO\Standard\【群雄割据】尼罗河狂野游 doesn't exist!
26.10. 11:25:01.037    Map MapsMO\Standard\【群雄割据】狮鹫领域 doesn't exist!
26.10. 11:25:01.039    Map MapsMO\Standard\【群雄割据】荷鲁斯对决 doesn't exist!
26.10. 11:25:01.039    Map MapsMO\Standard\【群雄割据】匿踪峡谷 doesn't exist!
26.10. 11:25:01.039    Map MapsMO\Standard\【群雄割据】大桥颂歌 doesn't exist!
26.10. 11:25:01.039    Map MapsMO\Standard\【群雄割据】冰天 doesn't exist!
26.10. 11:25:01.039    Map MapsMO\Standard\【扑克】 doesn't exist!
26.10. 11:25:01.039    Map  doesn't exist!
26.10. 11:25:01.039    Map MapsMO\Standard\【MO斗蛐蛐】 doesn't exist!
26.10. 11:25:01.039    Map MapsMO\Standard\【兵棋推演】 doesn't exist!
26.10. 11:25:01.039    Map MapsMO\Standard\【真实战争】 doesn't exist!
26.10. 11:25:01.040    Map MapsMO\Standard\【瘟疫公司】 doesn't exist!
26.10. 11:25:01.040    Map MapsMO\Standard\【大富翁】 doesn't exist!
26.10. 11:25:01.040    Map MapsMO\Standard\【植物大战僵尸】 doesn't exist!
26.10. 11:25:01.040    Map MapsMO\Standard\【华容道】 doesn't exist!
26.10. 11:25:01.040    Map  doesn't exist!
26.10. 11:25:01.040    Map MapsMO\Standard\【试胆竞速】 doesn't exist!
26.10. 11:25:01.091    Map MapsMO\Standard\A01Task doesn't exist!
26.10. 11:25:01.091    Map  doesn't exist!
26.10. 11:25:01.091    Map  doesn't exist!
26.10. 11:25:01.091    Map  doesn't exist!
26.10. 11:25:01.091    Map  doesn't exist!
26.10. 11:25:01.092    Map  doesn't exist!
26.10. 11:25:01.092    Map  doesn't exist!
26.10. 11:25:01.092    Map  doesn't exist!
26.10. 11:25:01.092    Map  doesn't exist!
26.10. 11:25:01.092    Map  doesn't exist!
26.10. 11:25:01.092    Map  doesn't exist!
26.10. 11:25:01.092    Map  doesn't exist!
26.10. 11:25:01.092    Map  doesn't exist!
26.10. 11:25:01.092    Map  doesn't exist!
26.10. 11:25:01.092    Map  doesn't exist!
26.10. 11:25:01.093    Map  doesn't exist!
26.10. 11:25:01.093    Map  doesn't exist!
26.10. 11:25:01.093    Map  doesn't exist!
26.10. 11:25:01.093    Map  doesn't exist!
26.10. 11:25:01.093    Map  doesn't exist!
26.10. 11:25:01.093    Map  doesn't exist!
26.10. 11:25:01.093    Map  doesn't exist!
26.10. 11:25:01.093    Map  doesn't exist!
26.10. 11:25:01.093    Map  doesn't exist!
26.10. 11:25:01.093    Map  doesn't exist!
26.10. 11:25:01.093    Map  doesn't exist!
26.10. 11:25:01.094    Map  doesn't exist!
26.10. 11:25:01.094    Map  doesn't exist!
26.10. 11:25:01.094    Map  doesn't exist!
26.10. 11:25:01.094    Map  doesn't exist!
26.10. 11:25:01.094    Map  doesn't exist!
26.10. 11:25:01.094    Map  doesn't exist!
26.10. 11:25:01.094    Map  doesn't exist!
26.10. 11:25:01.094    Map  doesn't exist!
26.10. 11:25:01.094    Map  doesn't exist!
26.10. 11:25:01.094    Map  doesn't exist!
26.10. 11:25:01.095    Map  doesn't exist!
26.10. 11:25:01.095    Map  doesn't exist!
26.10. 11:25:01.095    Map  doesn't exist!
26.10. 11:25:01.095    Map  doesn't exist!
26.10. 11:25:01.095    Map  doesn't exist!
26.10. 11:25:01.095    Map  doesn't exist!
26.10. 11:25:01.095    Map  doesn't exist!
26.10. 11:25:01.095    Map  doesn't exist!
26.10. 11:25:01.095    Map  doesn't exist!
26.10. 11:25:01.095    Map  doesn't exist!
26.10. 11:25:01.095    Map  doesn't exist!
26.10. 11:25:01.096    Map MapsMO\Standard\S24Task doesn't exist!
26.10. 11:25:01.096    Map  doesn't exist!
26.10. 11:25:01.096    Map  doesn't exist!
26.10. 11:25:01.096    Map  doesn't exist!
26.10. 11:25:01.096    Map  doesn't exist!
26.10. 11:25:01.097    Map  doesn't exist!
26.10. 11:25:01.097    Map  doesn't exist!
26.10. 11:25:01.097    Map  doesn't exist!
26.10. 11:25:01.097    Map  doesn't exist!
26.10. 11:25:01.097    Map  doesn't exist!
26.10. 11:25:01.097    Map  doesn't exist!
26.10. 11:25:01.097    Map  doesn't exist!
26.10. 11:25:01.097    Map  doesn't exist!
26.10. 11:25:01.097    Map  doesn't exist!
26.10. 11:25:01.097    Map  doesn't exist!
26.10. 11:25:01.097    Map  doesn't exist!
26.10. 11:25:01.097    Map  doesn't exist!
26.10. 11:25:01.098    Map  doesn't exist!
26.10. 11:25:01.098    Map  doesn't exist!
26.10. 11:25:01.098    Map  doesn't exist!
26.10. 11:25:01.098    Map  doesn't exist!
26.10. 11:25:01.098    Map  doesn't exist!
26.10. 11:25:01.098    Map  doesn't exist!
26.10. 11:25:01.098    Map  doesn't exist!
26.10. 11:25:01.100    Map MapsMO\Standard\E24Task doesn't exist!
26.10. 11:25:01.100    Map  doesn't exist!
26.10. 11:25:01.100    Map  doesn't exist!
26.10. 11:25:01.100    Map  doesn't exist!
26.10. 11:25:01.100    Map  doesn't exist!
26.10. 11:25:01.100    Map  doesn't exist!
26.10. 11:25:01.100    Map MapsMO\Standard\F06Task doesn't exist!
26.10. 11:25:01.127    Map MapsMO\Standard\懒人版2222 doesn't exist!
26.10. 11:25:01.172    Map MapsMO\Standard\【投稿】单位全靠捡 doesn't exist!
26.10. 11:25:01.173    Map MapsMO\Standard\Herolies doesn't exist!
26.10. 11:25:01.237    Map MapsMO\Defend\【防守图V25】GuardPremier doesn't exist!
26.10. 11:25:01.237    Map MapsMO\Defend\【防守图V25】GuardArchbishop doesn't exist!
26.10. 11:25:01.237    Map MapsMO\Defend\【防守图V25】GuardAthena doesn't exist!
26.10. 11:25:01.237    Map MapsMO\Defend\【防守图V25】SimpleHappyDefense(1) doesn't exist!
26.10. 11:25:01.238    Map MapsMO\Defend\【防守图V25】SimpleHappyDefense(2) doesn't exist!
26.10. 11:25:01.238    Map MapsMO\Defend\【防守图V25】SimpleHappyDefense(3) doesn't exist!
26.10. 11:25:01.238    Map MapsMO\Defend\【防守图V25】SimpleHappyDefense(4) doesn't exist!
26.10. 11:25:01.238    Map MapsMO\Defend\【防守图V25】SimpleHappyDefense(5) doesn't exist!
26.10. 11:25:01.238    Map MapsMO\Defend\【防守图V25】DesertStormSurvival doesn't exist!
26.10. 11:25:01.238    Map MapsMO\Defend\【防守图V25】JungleFallsSurvival doesn't exist!
26.10. 11:25:01.238    Map MapsMO\Defend\【防守图V25】ArcticStrongholdSurvival doesn't exist!
26.10. 11:25:01.238    Map MapsMO\Defend\【防守图V25】LibertyIslandSurvival doesn't exist!
26.10. 11:25:01.238    Map MapsMO\Defend\【防守图V25】Unpredictable doesn't exist!
26.10. 11:25:01.238    Map MapsMO\Defend\【防守图V25】DefendStatue doesn't exist!
26.10. 11:25:01.238    Map MapsMO\Defend\【防守图V25】GroundMentalDynamo doesn't exist!
26.10. 11:25:01.238    Map MapsMO\Defend\【防守图V25】FenglinVolcano doesn't exist!
26.10. 11:25:01.238    Map MapsMO\Defend\【防守图V25】FenglinVolcano2 doesn't exist!
26.10. 11:25:01.240    Map MapsMO\Defend\【防守图V25】IndifferentManner doesn't exist!
26.10. 11:25:01.240    Map MapsMO\Defend\【防守图V25】FlyingZRandomSurvival doesn't exist!
26.10. 11:25:01.240    Map MapsMO\Defend\【防守图V25】FlyingZCampaign4 doesn't exist!
26.10. 11:25:01.240    Map MapsMO\Defend\【防守图V25】FortressUnderSiege doesn't exist!
26.10. 11:25:01.240    Map MapsMO\Defend\【防守图V25】SquidReefSurvival doesn't exist!
26.10. 11:25:01.240    Map MapsMO\Defend\【防守图V25】StalingradSurvival doesn't exist!
26.10. 11:25:01.240    Map MapsMO\Defend\【防守图V25】F-ri-ch-end(DefenceZZ) doesn't exist!
26.10. 11:25:01.240    Map MapsMO\Defend\【防守图V25】BuildingUnderAttack doesn't exist!
26.10. 11:25:01.240    Map MapsMO\Defend\【防守图V25】BrainAtrophy doesn't exist!
26.10. 11:25:01.240    Map MapsMO\Defend\【防守图V25】WagnerTroops doesn't exist!
26.10. 11:25:01.240    Map MapsMO\Defend\【防守图V25】Kecodon'sSurvival doesn't exist!
26.10. 11:25:01.241    Map MapsMO\Defend\【防守图V25】LunaticMassacreSurvival doesn't exist!
26.10. 11:25:01.241    Map MapsMO\Defend\【防守图V25】LunaticMoon3TheSlaughter doesn't exist!
26.10. 11:25:01.241    Map MapsMO\Defend\【防守图V25】PapyraceousDefend doesn't exist!
26.10. 11:25:01.241    Map MapsMO\Defend\【防守图V25】DarkLunaticSurvival doesn't exist!
26.10. 11:25:01.241    Map MapsMO\Defend\【防守图V25】2PHardSurvival doesn't exist!
26.10. 11:25:01.241    Map MapsMO\Defend\【防守图V25】OperationinArizona doesn't exist!
26.10. 11:25:01.241    Map MapsMO\Defend\【防守图V25】RookieToTrain doesn't exist!
26.10. 11:25:01.241    Map MapsMO\Defend\【防守图V25】SoreLoser doesn't exist!
26.10. 11:25:01.241    Map MapsMO\Defend\【防守图V25】SimpleTD doesn't exist!
26.10. 11:25:01.241    Map MapsMO\Defend\【防守图V25】SimpleTD2 doesn't exist!
26.10. 11:25:01.241    Map MapsMO\Defend\【防守图V25】SuburbanIane doesn't exist!
26.10. 11:25:01.242    Map MapsMO\Defend\【防守图V25】ColumnLikeYouSee'Em! doesn't exist!
26.10. 11:25:01.242    Map MapsMO\Defend\【防守图V25】DragScrew doesn't exist!
26.10. 11:25:01.242    Map MapsMO\Defend\【防守图V25】ParadoxinCharge doesn't exist!
26.10. 11:25:01.242    Map MapsMO\Defend\【防守图V25】RandomTD doesn't exist!
26.10. 11:25:01.242    Map MapsMO\Defend\【防守图V25】RandomTD2 doesn't exist!
26.10. 11:25:01.242    Map MapsMO\Defend\【防守图V25】AceCombat doesn't exist!
26.10. 11:25:01.242    Map MapsMO\Defend\【防守图V25】AceCombat2 doesn't exist!
26.10. 11:25:01.242    Map MapsMO\Defend\【防守图V25】AceCombat3 doesn't exist!
26.10. 11:25:01.242    Map MapsMO\Defend\【防守图V25】TaskForce58GoldenArmada doesn't exist!
26.10. 11:25:01.242    Map MapsMO\Defend\【防守图V25】Zapad-81RedSteelTorrent doesn't exist!
26.10. 11:25:01.242    Map MapsMO\Defend\【防守图V25】FloatingIslandFortress doesn't exist!
26.10. 11:25:01.243    Map MapsMO\Defend\【防守图V25】IHaveTheHighGround doesn't exist!
26.10. 11:25:01.243    Map MapsMO\Defend\【防守图V25】YouUnderestimatedMyPower! doesn't exist!
26.10. 11:25:01.243    Map MapsMO\Defend\【防守图V25】MindHarbour doesn't exist!
26.10. 11:25:01.243    Map MapsMO\Defend\【防守图V25】BridgesTooFar doesn't exist!
26.10. 11:25:01.243    Map MapsMO\Defend\【防守图V25】DesertShowdown doesn't exist!
26.10. 11:25:01.243    Map MapsMO\Defend\【防守图V25】Kirov3000 doesn't exist!
26.10. 11:25:01.243    Map MapsMO\Defend\【防守图V25】DrainageDivide doesn't exist!
26.10. 11:25:01.243    Map MapsMO\Defend\【防守图V25】ThelastStand doesn't exist!
26.10. 11:25:01.244    Map MapsMO\Defend\【防守图V25】VioletMidnight doesn't exist!
26.10. 11:25:01.244    Map MapsMO\Defend\【防守图V25】IslandSurvival doesn't exist!
26.10. 11:25:01.244    Map MapsMO\Defend\【防守图V25】DeadRising doesn't exist!
26.10. 11:25:01.244    Map MapsMO\Defend\【防守图V25】SurvivorsCrashCourse doesn't exist!
26.10. 11:25:01.244    Map MapsMO\Defend\【防守图V25】CrashCourseInvincible doesn't exist!
26.10. 11:25:01.244    Map MapsMO\Defend\【防守图V25】Survivorshardrain doesn't exist!
26.10. 11:25:01.244    Map MapsMO\Defend\【防守图V25】RainInvincible doesn't exist!
26.10. 11:25:01.244    Map MapsMO\Defend\【防守图V25】PowerTower doesn't exist!
26.10. 11:25:01.244    Map MapsMO\Defend\【防守图V25】CompeteDefense doesn't exist!
26.10. 11:25:01.245    Map MapsMO\Defend\【防守图V25】WeaponBase doesn't exist!
26.10. 11:25:01.245    Map MapsMO\Defend\【防守图V25】FinalTwistSurvival doesn't exist!
26.10. 11:25:01.245    Map MapsMO\Defend\【防守图V25】FootballField doesn't exist!
26.10. 11:25:01.245    Map MapsMO\Defend\【防守图V25】LeagueOfLegendDestiny4 doesn't exist!
26.10. 11:25:01.245    Map MapsMO\Defend\【防守图V25】EvilHateSurvival doesn't exist!
26.10. 11:25:01.245    Map MapsMO\Defend\【防守图V25】QuickshifterBlindBox doesn't exist!
26.10. 11:25:01.245    Map MapsMO\Defend\【防守图V25】LuckorUnluck doesn't exist!
26.10. 11:25:01.245    Map MapsMO\Defend\【防守图V25】Freecage doesn't exist!
26.10. 11:25:01.246    Map MapsMO\Defend\【防守图V25】McBurgerKong doesn't exist!
26.10. 11:25:01.246    Map MapsMO\Defend\【防守图V25】LiveUnderOneRoof doesn't exist!
26.10. 11:25:01.246    Map MapsMO\Defend\【防守图V25】NeighborhoodDispute doesn't exist!
26.10. 11:25:01.246    Map MapsMO\Defend\【防守图V25】AlreadySeen doesn't exist!
26.10. 11:25:01.246    Map MapsMO\Defend\【防守图V25】CCSSurvivalAreaX doesn't exist!
26.10. 11:25:01.246    Map MapsMO\Defend\【防守图V25】GigaFortress doesn't exist!
26.10. 11:25:01.246    Map MapsMO\Defend\【防守图V25】GigaFortress2 doesn't exist!
26.10. 11:25:01.246    Map MapsMO\Defend\【防守图V25】GigaFortress3 doesn't exist!
26.10. 11:25:01.246    Map MapsMO\Defend\【防守图V25】GigaFortress4 doesn't exist!
26.10. 11:25:01.247    Map MapsMO\Defend\【防守图V25】GigaFortress5 doesn't exist!
26.10. 11:25:01.247    Map MapsMO\Defend\【防守图V25】GigaFortress6 doesn't exist!
26.10. 11:25:01.247    Map MapsMO\Defend\【防守图V25】GigaFortress7 doesn't exist!
26.10. 11:25:01.247    Map MapsMO\Defend\【防守图V25】SuperBattleship doesn't exist!
26.10. 11:25:01.247    Map MapsMO\Defend\【防守图V25】ProtectJiaSen doesn't exist!
26.10. 11:25:01.247    Map MapsMO\Defend\【防守图V25】MovingMaginot doesn't exist!
26.10. 11:25:01.247    Map MapsMO\Defend\【防守图V25】MedievalWarDefense doesn't exist!
26.10. 11:25:01.247    Map MapsMO\Defend\【防守图V25】MinersinGG doesn't exist!
26.10. 11:25:01.247    Map MapsMO\Defend\【防守图V25】RioInsurrection doesn't exist!
26.10. 11:25:01.247    Map MapsMO\Defend\【防守图V25】ChronoDefense doesn't exist!
26.10. 11:25:01.248    Map MapsMO\Defend\【防守图V25】AnimalsVSZombies doesn't exist!
26.10. 11:25:01.248    Map MapsMO\Defend\【防守图V25】ShakeSTown doesn't exist!
26.10. 11:25:01.248    Map MapsMO\Defend\【防守图V25】OffshoreBattle doesn't exist!
26.10. 11:25:01.248    Map MapsMO\Defend\【防守图V25】TheCrisisAtLiberty doesn't exist!
26.10. 11:25:01.248    Map MapsMO\Defend\【防守图V25】BloodKing doesn't exist!
26.10. 11:25:01.249    Map MapsMO\Defend\【防守图V25】ProtectNolita doesn't exist!
26.10. 11:25:01.249    Map MapsMO\Defend\【防守图V25】RebelNolita doesn't exist!
26.10. 11:25:01.249    Map MapsMO\Defend\【防守图V25】ShameDefence doesn't exist!
26.10. 11:25:01.249    Map MapsMO\Defend\【防守图V25】GamblingDogs doesn't exist!
26.10. 11:25:01.249    Map MapsMO\Defend\【防守图V25】GamblingDogs2 doesn't exist!
26.10. 11:25:01.249    Map MapsMO\Defend\【防守图V25】GamblingDogs3 doesn't exist!
26.10. 11:25:01.249    Map MapsMO\Defend\【防守图V25】GamblingDogs4 doesn't exist!
26.10. 11:25:01.249    Map MapsMO\Defend\【防守图V25】GamblingDogs5 doesn't exist!
26.10. 11:25:01.249    Map MapsMO\Defend\【防守图V25】GamblingDogs6 doesn't exist!
26.10. 11:25:01.249    Map MapsMO\Defend\【防守图V25】GamblingDogs7 doesn't exist!
26.10. 11:25:01.249    Map MapsMO\Defend\【防守图V25】GamblingDogs8 doesn't exist!
26.10. 11:25:01.249    Map MapsMO\Defend\【防守图V25】GamblingDogs9 doesn't exist!
26.10. 11:25:01.249    Map MapsMO\Defend\【防守图V25】LostCity doesn't exist!
26.10. 11:25:01.250    Map MapsMO\Defend\【防守图V25】SurTrap doesn't exist!
26.10. 11:25:01.318    Map MapsMO\CatDIY\好多小破桥 doesn't exist!
26.10. 11:25:01.365    Map MapsMO\Kite\Moon\moonprotector doesn't exist!
26.10. 11:25:01.366    Map MapsMO\Kite\KiteNormal\z-01 doesn't exist!
26.10. 11:25:01.366    Map MapsMO\Kite\KiteNormal\z-02 doesn't exist!
26.10. 11:25:01.366    Map MapsMO\Kite\KiteNormal\z-03 doesn't exist!
26.10. 11:25:01.366    Map MapsMO\Kite\KiteNormal\z-04 doesn't exist!
26.10. 11:25:01.366    Map MapsMO\Kite\KiteNormal\z-05 doesn't exist!
26.10. 11:25:01.366    Map MapsMO\Kite\KiteNormal\z-06 doesn't exist!
26.10. 11:25:01.366    Map MapsMO\Kite\LittlePlace\sakura doesn't exist!
26.10. 11:25:01.366    Map MapsMO\Kite\LittlePlace\sakura2 doesn't exist!
26.10. 11:25:01.366    Map MapsMO\Kite\LittlePlace\focus doesn't exist!
26.10. 11:25:01.367    Map MapsMO\Kite\KiteChallenge\kremlin doesn't exist!
26.10. 11:25:01.367    Map MapsMO\Kite\KiteChallenge\deepinfec doesn't exist!
26.10. 11:25:01.367    Map MapsMO\Kite\KiteChallenge\abyss doesn't exist!
26.10. 11:25:01.367    Map MapsMO\Kite\KiteChallenge\kashmir doesn't exist!
26.10. 11:25:01.367    Map MapsMO\Kite\KiteChallenge\windhole doesn't exist!
26.10. 11:25:01.367    Map MapsMO\Kite\KiteChallenge\winterday doesn't exist!
26.10. 11:25:01.367    Map MapsMO\Kite\KiteCoop\sural doesn't exist!
26.10. 11:25:01.367    Map MapsMO\Kite\KiteCoop\fbreak doesn't exist!
26.10. 11:25:01.367    Map MapsMO\Kite\KiteCoop\cep02 doesn't exist!
26.10. 11:25:01.368    Map MapsMO\Kite\KiteCoop\cff02 doesn't exist!
26.10. 11:25:01.368    Map MapsMO\FFOrigin\【狂鲨先锋起源】coop_01-xianxingjun doesn't exist!
26.10. 11:25:01.368    Map MapsMO\FFOrigin\【狂鲨先锋起源】coop_02-shuipingxian doesn't exist!
26.10. 11:25:01.368    Map MapsMO\FFOrigin\【狂鲨先锋起源】coop_03-anrancanyan doesn't exist!
26.10. 11:25:01.368    Map MapsMO\FFOrigin\【狂鲨先锋起源】coop_04-guiwuzhe doesn't exist!
26.10. 11:25:01.368    Map MapsMO\FFOrigin\【狂鲨先锋起源】coop_05-disihaoliewu doesn't exist!
26.10. 11:25:01.368    Map MapsMO\FFOrigin\【狂鲨先锋起源】coop_06-shenlan doesn't exist!
26.10. 11:25:01.368    Map MapsMO\FFOrigin\【狂鲨先锋起源】coop_07-nuoyafangzhou doesn't exist!
26.10. 11:25:01.368    Map MapsMO\FFOrigin\【狂鲨先锋起源】coop_08-xiaoyanzhanchang doesn't exist!
26.10. 11:25:01.368    Map MapsMO\FFOrigin\【狂鲨先锋起源】coop_10-heishao doesn't exist!
26.10. 11:25:01.369    Map MapsMO\FFOrigin\【狂鲨先锋起源】coop_11-shengguang doesn't exist!
26.10. 11:25:01.369    Map MapsMO\FFOrigin\【狂鲨先锋起源】coop_12-shenjingzhi doesn't exist!
26.10. 11:25:01.369    Map MapsMO\FFOrigin\【狂鲨先锋起源】coop_13-limingdezhuijizhe doesn't exist!
26.10. 11:25:01.369    Map MapsMO\FFOrigin\【狂鲨先锋起源】coop_14-tuluzhiren doesn't exist!
26.10. 11:25:01.369    Map MapsMO\FFOrigin\【狂鲨先锋起源】coop_16-diyuhuoyan doesn't exist!
26.10. 11:25:01.369    Map MapsMO\FFOrigin\【狂鲨先锋起源】coop_17-zongshi doesn't exist!
26.10. 11:25:01.369    Map MapsMO\FFOrigin\【狂鲨先锋起源】coop_18-guiming doesn't exist!
26.10. 11:25:01.369    Map MapsMO\FFOrigin\【狂鲨先锋起源】coop_20-xueshou doesn't exist!
26.10. 11:25:01.369    Map MapsMO\FFOrigin\【狂鲨先锋起源】coop_21-baquanlingyu doesn't exist!
26.10. 11:25:01.369    Map MapsMO\FFOrigin\【狂鲨先锋起源】coop_22-baowu doesn't exist!
26.10. 11:25:01.369    Map MapsMO\FFOrigin\【狂鲨先锋起源】coop_23-shikongxuanwo doesn't exist!
26.10. 11:25:01.369    Map MapsMO\FFOrigin\【狂鲨先锋起源】coop_01-xianxingjun-lianyu doesn't exist!
26.10. 11:25:01.370    Map MapsMO\FFOrigin\【狂鲨先锋起源】coop_02-shuipingxian-lianyu doesn't exist!
26.10. 11:25:01.370    Map MapsMO\FFOrigin\【狂鲨先锋起源】coop_03-anrancanyan-lianyu doesn't exist!
26.10. 11:25:01.370    Map MapsMO\FFOrigin\【狂鲨先锋起源】coop_04-guiwuzhe-lianyu doesn't exist!
26.10. 11:25:01.370    Map MapsMO\FFOrigin\【狂鲨先锋起源】coop_05-disihaoliewu-lianyu doesn't exist!
26.10. 11:25:01.370    Map MapsMO\FFOrigin\【狂鲨先锋起源】coop_06-shenlan-lianyu doesn't exist!
26.10. 11:25:01.370    Map MapsMO\FFOrigin\【狂鲨先锋起源】coop_07-nuoyafangzhou-lianyu doesn't exist!
26.10. 11:25:01.370    Map MapsMO\FFOrigin\【狂鲨先锋起源】coop_08-xiaoyanzhanchang-lianyu doesn't exist!
26.10. 11:25:01.370    Map MapsMO\FFOrigin\【狂鲨先锋起源】coop_10-heishao-lianyu doesn't exist!
26.10. 11:25:01.370    Map MapsMO\FFOrigin\【狂鲨先锋起源】coop_11-shengguang-lianyu doesn't exist!
26.10. 11:25:01.370    Map MapsMO\FFOrigin\【狂鲨先锋起源】coop_12-shenjingzhi-lianyu doesn't exist!
26.10. 11:25:01.371    Map MapsMO\FFOrigin\【狂鲨先锋起源】coop_13-limingdezhuijizhe-lianyu doesn't exist!
26.10. 11:25:01.371    Map MapsMO\FFOrigin\【狂鲨先锋起源】coop_14-tuluzhiren-lianyu doesn't exist!
26.10. 11:25:01.371    Map MapsMO\FFOrigin\【狂鲨先锋起源】coop_16-diyuhuoyan-lianyu doesn't exist!
26.10. 11:25:01.371    Map MapsMO\FFOrigin\【狂鲨先锋起源】coop_17-zongshi-lianyu doesn't exist!
26.10. 11:25:01.371    Map MapsMO\FFOrigin\【狂鲨先锋起源】coop_18-guiming-lianyu doesn't exist!
26.10. 11:25:01.371    Map MapsMO\FFOrigin\【狂鲨先锋起源】coop_20-xueshou-lianyu doesn't exist!
26.10. 11:25:01.371    Map MapsMO\FFOrigin\【狂鲨先锋起源】coop_21-baquanlingyu-lianyu doesn't exist!
26.10. 11:25:01.371    Map MapsMO\FFOrigin\【狂鲨先锋起源】coop_22-baowu-lianyu doesn't exist!
26.10. 11:25:01.371    Map MapsMO\FFOrigin\【狂鲨先锋起源】coop_23-shikongxuanwo-lianyu doesn't exist!
26.10. 11:25:01.371    Map MapsMO\SHmission\【生化0_24章】c_challenge_brike doesn't exist!
26.10. 11:25:01.371    Map MapsMO\SHmission\【生化0_24章】coop_island doesn't exist!
26.10. 11:25:01.372    Map MapsMO\SHmission\【生化0_24章】coop_dawnofdead doesn't exist!
26.10. 11:25:01.372    Map MapsMO\SHmission\【生化0_24章】coop_hzone doesn't exist!
26.10. 11:25:01.372    Map MapsMO\SHmission\【生化0_24章】coop_DeathRailway doesn't exist!
26.10. 11:25:01.372    Map MapsMO\SHmission\【生化0_24章】coop_domain doesn't exist!
26.10. 11:25:01.372    Map MapsMO\SHmission\【生化0_24章】coop_under doesn't exist!
26.10. 11:25:01.373    Map MapsMO\SHmission\【生化0_24章】coop_none doesn't exist!
26.10. 11:25:01.373    Map MapsMO\SHmission\【生化0_24章】coop_CrossRoad doesn't exist!
26.10. 11:25:01.373    Map MapsMO\SHmission\【生化0_24章】coop_unknown doesn't exist!
26.10. 11:25:01.373    Map MapsMO\SHmission\【生化0_24章】coop_assassinate doesn't exist!
26.10. 11:25:01.373    Map MapsMO\SHmission\【生化0_24章】coop_BlueBreak doesn't exist!
26.10. 11:25:01.373    Map MapsMO\SHmission\【生化0_24章】coop_SnowCrush doesn't exist!
26.10. 11:25:01.373    Map MapsMO\SHmission\【生化0_24章】coop_FreezingPoint doesn't exist!
26.10. 11:25:01.373    Map MapsMO\SHmission\【生化0_24章】coop_ahypo2 doesn't exist!
26.10. 11:25:01.373    Map MapsMO\SHmission\【生化0_24章】coop_Birke doesn't exist!
26.10. 11:25:01.373    Map MapsMO\SHmission\【生化0_24章】coop_Interference doesn't exist!
26.10. 11:25:01.373    Map MapsMO\SHmission\【生化0_24章】coop_Valley doesn't exist!
26.10. 11:25:01.373    Map MapsMO\SHmission\【生化0_24章】coop_Survivor doesn't exist!
26.10. 11:25:01.374    Map MapsMO\SHmission\【生化0_24章】coop_Survivor_add doesn't exist!
26.10. 11:25:01.374    Map MapsMO\SHmission\【生化0_24章】coop_endanger doesn't exist!
26.10. 11:25:01.374    Map MapsMO\SHmission\【生化0_24章】coop_SH18_martin doesn't exist!
26.10. 11:25:01.374    Map MapsMO\SHmission\【生化0_24章】coop_SH19_isolation doesn't exist!
26.10. 11:25:01.374    Map MapsMO\SHmission\【生化0_24章】coop_SH20_dish doesn't exist!
26.10. 11:25:01.374    Map MapsMO\SHmission\【生化0_24章】coop_SH21_inequality doesn't exist!
26.10. 11:25:01.374    Map MapsMO\SHmission\【生化0_24章】coop_SH21_inequality_add doesn't exist!
26.10. 11:25:01.374    Map MapsMO\SHmission\【生化0_24章】coop_SH22_shadow doesn't exist!
26.10. 11:25:01.374    Map MapsMO\SHmission\【生化0_24章】coop_SH23_catcher doesn't exist!
26.10. 11:25:01.374    Map MapsMO\SHmission\【生化0_24章】coop_SH24_BlackRain doesn't exist!
26.10. 11:25:01.375    Map MapsMO\SHmission\【生化0_24章】coop_Exodus doesn't exist!
26.10. 11:25:01.375    Map MapsMO\SHmission\【生化0_24章】coop_Exodus02 doesn't exist!
26.10. 11:25:01.375    Map MapsMO\CNCOOP\【中国远征军】coop_cnstart doesn't exist!
26.10. 11:25:01.375    Map MapsMO\CNCOOP\【中国远征军】coop_cncn doesn't exist!
26.10. 11:25:01.375    Map MapsMO\CNCOOP\【中国远征军】coop_cnend doesn't exist!
26.10. 11:25:01.375    Map MapsMO\CNCOOP\【中国远征军】coop_cn4 doesn't exist!
26.10. 11:25:01.375    Map MapsMO\CNCOOP\【中国远征军】coop_cn5 doesn't exist!
26.10. 11:25:01.375    Map MapsMO\ZYHZ\Mission\【战役合作V40_2_4】coop_areddawn2 doesn't exist!
26.10. 11:25:01.375    Map MapsMO\ZYHZ\Mission\【战役合作V40_2_4】coop_areddawn doesn't exist!
26.10. 11:25:01.375    Map MapsMO\ZYHZ\Mission\【战役合作V40_2_4】coop_yjck doesn't exist!
26.10. 11:25:01.375    Map MapsMO\ZYHZ\Mission\【战役合作V40_2_4】coop_ltzl doesn't exist!
26.10. 11:25:01.376    Map MapsMO\ZYHZ\Mission\【战役合作V40_2_4】coop_hellandhell doesn't exist!
26.10. 11:25:01.376    Map MapsMO\ZYHZ\Mission\【战役合作V40_2_4】coop_abmindsp doesn't exist!
26.10. 11:25:01.376    Map MapsMO\ZYHZ\Mission\【战役合作V40_2_4】coop_azerosignal doesn't exist!
26.10. 11:25:01.376    Map MapsMO\ZYHZ\Mission\【战役合作V40_2_4】coop_xxhs doesn't exist!
26.10. 11:25:01.376    Map MapsMO\ZYHZ\Mission\【战役合作V40_2_4】coop_asunlight doesn't exist!
26.10. 11:25:01.376    Map MapsMO\ZYHZ\Mission\【战役合作V40_2_4】coop_asiren doesn't exist!
26.10. 11:25:01.376    Map MapsMO\ZYHZ\Mission\【战役合作V40_2_4】apuppet doesn't exist!
26.10. 11:25:01.376    Map MapsMO\ZYHZ\Mission\【战役合作V40_2_4】coop_abottle doesn't exist!
26.10. 11:25:01.376    Map MapsMO\ZYHZ\Mission\【战役合作V40_2_4】coop_ahyst doesn't exist!
26.10. 11:25:01.376    Map MapsMO\ZYHZ\Mission\【战役合作V40_2_4】coop_astorm2 doesn't exist!
26.10. 11:25:01.376    Map MapsMO\ZYHZ\Mission\【战役合作V40_2_4】coop_apara doesn't exist!
26.10. 11:25:01.377    Map MapsMO\ZYHZ\Mission\【战役合作V40_2_4】coop_arele doesn't exist!
26.10. 11:25:01.377    Map MapsMO\ZYHZ\Mission\【战役合作V40_2_4】coop_ainsomnia doesn't exist!
26.10. 11:25:01.377    Map MapsMO\ZYHZ\Mission\【战役合作V40_2_4】coop_awither doesn't exist!
26.10. 11:25:01.377    Map MapsMO\ZYHZ\Mission\【战役合作V40_2_4】coop_awither2 doesn't exist!
26.10. 11:25:01.377    Map MapsMO\ZYHZ\Mission\【战役合作V40_2_4】coop_ahamartia doesn't exist!
26.10. 11:25:01.377    Map MapsMO\ZYHZ\Mission\【战役合作V40_2_4】ahamartia doesn't exist!
26.10. 11:25:01.377    Map MapsMO\ZYHZ\Mission\【战役合作V40_2_4】coop_agrid doesn't exist!
26.10. 11:25:01.377    Map MapsMO\ZYHZ\Mission\【战役合作V40_2_4】coop_asomniaa doesn't exist!
26.10. 11:25:01.377    Map MapsMO\ZYHZ\Mission\【战役合作V40_2_4】coop_asomniab doesn't exist!
26.10. 11:25:01.377    Map MapsMO\ZYHZ\Mission\【战役合作V40_2_4】coop_asomniac doesn't exist!
26.10. 11:25:01.378    Map MapsMO\ZYHZ\Mission\【战役合作V40_2_4】coop_shbd doesn't exist!
26.10. 11:25:01.378    Map MapsMO\ZYHZ\Mission\【战役合作V40_2_4】coop_speace doesn't exist!
26.10. 11:25:01.378    Map MapsMO\ZYHZ\Mission\【战役合作V40_2_4】coop_srech doesn't exist!
26.10. 11:25:01.378    Map MapsMO\ZYHZ\Mission\【战役合作V40_2_4】coop_sctjhz doesn't exist!
26.10. 11:25:01.378    Map MapsMO\ZYHZ\Mission\【战役合作V40_2_4】coop_sroad doesn't exist!
26.10. 11:25:01.378    Map MapsMO\ZYHZ\Mission\【战役合作V40_2_4】coop_bkhdhz doesn't exist!
26.10. 11:25:01.378    Map MapsMO\ZYHZ\Mission\【战役合作V40_2_4】coop_sdragon doesn't exist!
26.10. 11:25:01.378    Map MapsMO\ZYHZ\Mission\【战役合作V40_2_4】coop_sleft doesn't exist!
26.10. 11:25:01.378    Map MapsMO\ZYHZ\Mission\【战役合作V40_2_4】futangdaohuo doesn't exist!
26.10. 11:25:01.378    Map MapsMO\ZYHZ\Mission\【战役合作V40_2_4】coop_sjugger doesn't exist!
26.10. 11:25:01.379    Map MapsMO\ZYHZ\Mission\【战役合作V40_2_4】coop_xxjjhz doesn't exist!
26.10. 11:25:01.379    Map MapsMO\ZYHZ\Mission\【战役合作V40_2_4】coop_smelt doesn't exist!
26.10. 11:25:01.379    Map MapsMO\ZYHZ\Mission\【战役合作V40_2_4】coop_searth doesn't exist!
26.10. 11:25:01.379    Map MapsMO\ZYHZ\Mission\【战役合作V40_2_4】coop_sfatal doesn't exist!
26.10. 11:25:01.379    Map MapsMO\ZYHZ\Mission\【战役合作V40_2_4】coop_sfatalb doesn't exist!
26.10. 11:25:01.379    Map MapsMO\ZYHZ\Mission\【战役合作V40_2_4】coop_shand doesn't exist!
26.10. 11:25:01.379    Map MapsMO\ZYHZ\Mission\【战役合作V40_2_4】coop_shandpvp doesn't exist!
26.10. 11:25:01.379    Map MapsMO\ZYHZ\Mission\【战役合作V40_2_4】coop_sarche doesn't exist!
26.10. 11:25:01.379    Map MapsMO\ZYHZ\Mission\【战役合作V40_2_4】coop_sdawn doesn't exist!
26.10. 11:25:01.379    Map MapsMO\ZYHZ\Mission\【战役合作V40_2_4】coop_sdawn2 doesn't exist!
26.10. 11:25:01.379    Map MapsMO\ZYHZ\Mission\【战役合作V40_2_4】coop_sarmsb doesn't exist!
26.10. 11:25:01.379    Map MapsMO\ZYHZ\Mission\【战役合作V40_2_4】coop_sarmsp doesn't exist!
26.10. 11:25:01.379    Map MapsMO\ZYHZ\Mission\【战役合作V40_2_4】fdltz doesn't exist!
26.10. 11:25:01.379    Map MapsMO\ZYHZ\Mission\【战役合作V40_2_4】coop_xs doesn't exist!
26.10. 11:25:01.379    Map MapsMO\ZYHZ\Mission\【战役合作V40_2_4】coop_zy doesn't exist!
26.10. 11:25:01.379    Map MapsMO\ZYHZ\Mission\【战役合作V40_2_4】coop_epeace doesn't exist!
26.10. 11:25:01.379    Map MapsMO\ZYHZ\Mission\【战役合作V40_2_4】coop_ehuman doesn't exist!
26.10. 11:25:01.380    Map MapsMO\ZYHZ\Mission\【战役合作V40_2_4】coop_bskj doesn't exist!
26.10. 11:25:01.380    Map MapsMO\ZYHZ\Mission\【战役合作V40_2_4】coop_yueg doesn't exist!
26.10. 11:25:01.380    Map MapsMO\ZYHZ\Mission\【战役合作V40_2_4】coop_ehuehue doesn't exist!
26.10. 11:25:01.380    Map MapsMO\ZYHZ\Mission\【战役合作V40_2_4】coop_ebreed doesn't exist!
26.10. 11:25:01.380    Map MapsMO\ZYHZ\Mission\【战役合作V40_2_4】coop_ediver doesn't exist!
26.10. 11:25:01.380    Map MapsMO\ZYHZ\Mission\【战役合作V40_2_4】coop_fdld doesn't exist!
26.10. 11:25:01.380    Map MapsMO\ZYHZ\Mission\【战役合作V40_2_4】xuewu doesn't exist!
26.10. 11:25:01.380    Map MapsMO\ZYHZ\Mission\【战役合作V40_2_4】coop_ehead doesn't exist!
26.10. 11:25:01.380    Map MapsMO\ZYHZ\Mission\【战役合作V40_2_4】coop_esands doesn't exist!
26.10. 11:25:01.380    Map MapsMO\ZYHZ\Mission\【战役合作V40_2_4】coop_etotal doesn't exist!
26.10. 11:25:01.380    Map MapsMO\ZYHZ\Mission\【战役合作V40_2_4】coop_ereality doesn't exist!
26.10. 11:25:01.381    Map MapsMO\ZYHZ\Mission\【战役合作V40_2_4】coop_emigdal doesn't exist!
26.10. 11:25:01.381    Map MapsMO\ZYHZ\Mission\【战役合作V40_2_4】coop_emigdal2 doesn't exist!
26.10. 11:25:01.381    Map MapsMO\ZYHZ\Mission\【战役合作V40_2_4】coop_hfymhz doesn't exist!
26.10. 11:25:01.381    Map MapsMO\ZYHZ\Mission\【战役合作V40_2_4】coop_enight doesn't exist!
26.10. 11:25:01.381    Map MapsMO\ZYHZ\Mission\【战役合作V40_2_4】coop_cmsj doesn't exist!
26.10. 11:25:01.381    Map MapsMO\ZYHZ\Mission\【战役合作V40_2_4】coop_fbeyond doesn't exist!
26.10. 11:25:01.381    Map MapsMO\ZYHZ\Mission\【战役合作V40_2_4】coop_tyhjfd doesn't exist!
26.10. 11:25:01.381    Map MapsMO\ZYHZ\Mission\【战役合作V40_2_4】coop_fremnant doesn't exist!
26.10. 11:25:01.381    Map MapsMO\ZYHZ\Mission\【战役合作V40_2_4】coop_fremnant2 doesn't exist!
26.10. 11:25:01.381    Map MapsMO\ZYHZ\Mission\【战役合作V40_2_4】coop_paradox doesn't exist!
26.10. 11:25:01.381    Map MapsMO\ZYHZ\Mission\【战役合作V40_2_4】coop_paradoxPVP doesn't exist!
26.10. 11:25:01.382    Map MapsMO\ZYHZ\Mission\【战役合作V40_2_4】coop_island doesn't exist!
26.10. 11:25:01.382    Map MapsMO\ZYHZ\Mission\【战役合作V40_2_4】coop_emoon doesn't exist!
26.10. 11:25:01.382    Map MapsMO\ZYHZ\Mission\【战役合作V40_2_4】coop_shit doesn't exist!
26.10. 11:25:01.382    Map MapsMO\ZYHZ\Mission\【战役合作V40_2_4】coop_dybehz doesn't exist!
26.10. 11:25:01.382    Map MapsMO\ZYHZ\Mission\【战役合作V40_2_4】coop_araven doesn't exist!
26.10. 11:25:01.382    Map MapsMO\ZYHZ\Mission\【战役合作V40_2_4】coop_etotalx doesn't exist!
26.10. 11:25:01.382    Map MapsMO\ZYHZ\Mission\【战役合作V40_2_4】coop_fapanzer doesn't exist!
26.10. 11:25:01.382    Map MapsMO\ZYHZ\Mission\【战役合作V40_2_4】coop_fxsh doesn't exist!
26.10. 11:25:01.382    Map MapsMO\ZYHZ\Mission\【战役合作V40_2_4】coop_jushilu doesn't exist!
26.10. 11:25:01.383    Map MapsMO\ZYHZ\Mission\【战役合作V40_2_4】coop_fxjssy doesn't exist!
26.10. 11:25:01.383    Map MapsMO\ZYHZ\Mission\【战役合作V40_2_4】coop_wdtfs doesn't exist!
26.10. 11:25:01.383    Map MapsMO\ZYHZ\Mission\【战役合作V40_2_4】coop_ssidesp doesn't exist!
26.10. 11:25:01.383    Map MapsMO\ZYHZ\Mission\【战役合作V40_2_4】coop_smsfs2 doesn't exist!
26.10. 11:25:01.383    Map MapsMO\ZYHZ\Mission\【战役合作V40_2_4】coop_zsjsep doesn't exist!
26.10. 11:25:01.383    Map MapsMO\ZYHZ\Mission\【战役合作V40_2_4】coop_mlslsp doesn't exist!
26.10. 11:25:01.383    Map MapsMO\ZYHZ\Mission\【战役合作V40_2_4】coop_xlshs doesn't exist!
26.10. 11:25:01.383    Map MapsMO\ZYHZ\Mission\【战役合作V40_2_4】YDCZ doesn't exist!
26.10. 11:25:01.383    Map MapsMO\ZYHZ\Mission\【战役合作V40_2_4】coop_xlshs12 doesn't exist!
26.10. 11:25:01.383    Map MapsMO\ZYHZ\Mission\【战役合作V40_2_4】coop_xlshs2 doesn't exist!
26.10. 11:25:01.384    Map MapsMO\ZYHZ\Mission\【战役合作V40_2_4】coop_ainsomnias doesn't exist!
26.10. 11:25:01.384    Map MapsMO\ZYHZ\SandBox\【战役合作V40_2_4】coop_xlsh doesn't exist!
26.10. 11:25:01.384    Map MapsMO\ZYHZ\SandBox\【战役合作V40_2_4】coop_xlshf doesn't exist!
26.10. 11:25:01.384    Map MapsMO\ZYHZ\SandBox\【战役合作V40_2_4】coop_xlshc doesn't exist!
26.10. 11:25:01.384    Map MapsMO\ZYHZ\SandBox\【战役合作V40_2_4】coop_xlshsh doesn't exist!
26.10. 11:25:01.384    Map MapsMO\ZYHZ\Multiverse\【战役合作V40_2_4】coop_hskhus doesn't exist!
26.10. 11:25:01.384    Map MapsMO\ZYHZ\Multiverse\【战役合作V40_2_4】coop_hskhep doesn't exist!
26.10. 11:25:01.384    Map MapsMO\ZYHZ\Multiverse\【战役合作V40_2_4】coop_nmwjus doesn't exist!
26.10. 11:25:01.384    Map MapsMO\ZYHZ\Multiverse\【战役合作V40_2_4】coop_nmwjsu doesn't exist!
26.10. 11:25:01.385    Map MapsMO\ZYHZ\Multiverse\【战役合作V40_2_4】coop_nmwjep doesn't exist!
26.10. 11:25:01.385    Map MapsMO\ZYHZ\Multiverse\【战役合作V40_2_4】coop_bqzysu doesn't exist!
26.10. 11:25:01.385    Map MapsMO\ZYHZ\Mission\【战役合作V40_2_4】coop_sbear doesn't exist!
26.10. 11:25:01.385    Map MapsMO\ZYHZ\Mission\【战役合作V40_2_4】coop_sbearv4 doesn't exist!
26.10. 11:25:01.385    Map MapsMO\ZYHZ\Mission\【战役合作V40_2_4】coop_chen doesn't exist!
26.10. 11:25:01.385    Map MapsMO\ZYHZ\Mission\【战役合作V40_2_4】coop_sukran doesn't exist!
26.10. 11:25:01.385    Map MapsMO\ZYHZ\Mission\【战役合作V40_2_4】coop_paradoxkpd doesn't exist!
26.10. 11:25:01.385    Map MapsMO\ZYHZ\Mission\【战役合作V40_2_4】coop_achrono doesn't exist!
26.10. 11:25:01.385    Map MapsMO\ZYHZ\Mission\【战役合作V40_2_4】race doesn't exist!
26.10. 11:25:01.385    Map MapsMO\ZYHZ\Mission\【战役合作V40_2_4】coop_sstroke doesn't exist!
26.10. 11:25:01.386    Map MapsMO\ZYHZ\Mission\【战役合作V40_2_4】coop_achronoX doesn't exist!
26.10. 11:25:01.386    Map MapsMO\ZYHZ\Mission\【战役合作V40_2_4】jijiafengbao doesn't exist!
26.10. 11:25:01.386    Map MapsMO\ZYHZ\Mission\【战役合作V40_2_4】fox doesn't exist!
26.10. 11:25:01.386    Map MapsMO\ZYHZ\Mission\【战役合作V40_2_4】sicengxiangshi doesn't exist!
26.10. 11:25:01.386    Map MapsMO\ZYHZ\Mission\【战役合作V40_2_4】hezimengyan doesn't exist!
26.10. 11:25:01.386    Map MapsMO\ZYHZ\Mission\【战役合作V40_2_4】naosi doesn't exist!
26.10. 11:25:01.386    Map MapsMO\ZYHZ\Mission\【战役合作V40_2_4】coop_epfortress doesn't exist!
26.10. 11:25:01.386    Map MapsMO\ZYHZ\Challenge\【战役合作V40_2_4】c_Electromagnetic doesn't exist!
26.10. 11:25:01.386    Map MapsMO\ZYHZ\Challenge\【战役合作V40_2_4】c_perseverance doesn't exist!
26.10. 11:25:06.551    Attempting to parse INI/Battle.ini to populate mission list.
26.10. 11:25:06.551    File INI/Battle.ini not found. Ignoring.
26.10. 11:25:06.551    Attempting to parse INI/BattleClient.ini to populate mission list.
26.10. 11:25:06.571    Finished parsing INI/BattleClient.ini.
26.10. 11:25:06.661    Reading statistics.
26.10. 11:25:06.861    Checkbox 'chkNavalCombat' has forced value in map - saved settings ignored.
26.10. 11:25:06.881    AssetLoader.LoadSound: Sound not found! getready.wav
26.10. 11:25:06.906    AssetLoader.LoadSound: Sound not found! getready.wav
26.10. 11:25:07.059    AssetLoader.LoadSound: Sound not found! getready.wav
26.10. 11:25:07.071    AssetLoader.LoadSound: Sound not found! getready.wav
26.10. 11:25:11.419    Writing spawn.ini
26.10. 11:25:11.428    Writing map.
26.10. 11:25:11.428    Loading map INI from C:/Program Files (x86)/MO Dev/MapsMO\Standard\reconcile.map
26.10. 11:25:11.500    About to launch main game executable.
26.10. 11:25:11.511    Writing settings INI.
26.10. 11:25:11.513    Launch executable: Syringe.exe
26.10. 11:25:11.513    Launch arguments:  "gamemd.exe" -SPAWN -CD -SPEEDCONTROL -LOG -AFFINITY:255
26.10. 11:25:11.527    GameProcessLogic: Process started.
26.10. 11:25:11.541    Waiting for qres.dat or Syringe.exe to exit.
26.10. 11:26:38.320    GameProcessLogic: Process exited.
26.10. 11:26:38.468    GameProcessExited: Parsing statistics.
26.10. 11:26:38.468    Parsing game statistics.
26.10. 11:26:38.470    Attempting to read statistics from Debug\debug.log
26.10. 11:26:38.476    GameProcessExited: Adding match to statistics.
26.10. 11:26:38.477    Skipping adding match to statistics because game only had one player.
26.10. 11:26:39.408    Writing spawn.ini
26.10. 11:26:39.409    Writing map.
26.10. 11:26:39.409    Loading map INI from C:/Program Files (x86)/MO Dev/MapsMO\Standard\reconcile.map
26.10. 11:26:39.427    About to launch main game executable.
26.10. 11:26:39.429    Writing settings INI.
26.10. 11:26:39.429    Launch executable: Syringe.exe
26.10. 11:26:39.429    Launch arguments:  "gamemd.exe" -SPAWN -CD -SPEEDCONTROL -LOG -AFFINITY:255
26.10. 11:26:39.437    GameProcessLogic: Process started.
26.10. 11:26:39.444    Waiting for qres.dat or Syringe.exe to exit.
26.10. 11:27:14.427    GameProcessLogic: Process exited.
26.10. 11:27:14.639    GameProcessExited: Parsing statistics.
26.10. 11:27:14.639    Parsing game statistics.
26.10. 11:27:14.641    Attempting to read statistics from Debug\debug.log
26.10. 11:27:14.647    GameProcessExited: Adding match to statistics.
26.10. 11:27:14.647    Skipping adding match to statistics because game only had one player.
26.10. 11:27:15.751    Writing spawn.ini
26.10. 11:27:15.752    Writing map.
26.10. 11:27:15.752    Loading map INI from C:/Program Files (x86)/MO Dev/MapsMO\Standard\reconcile.map
26.10. 11:27:15.764    About to launch main game executable.
26.10. 11:27:15.765    Writing settings INI.
26.10. 11:27:15.766    Launch executable: Syringe.exe
26.10. 11:27:15.766    Launch arguments:  "gamemd.exe" -SPAWN -CD -SPEEDCONTROL -LOG -AFFINITY:255
26.10. 11:27:15.771    GameProcessLogic: Process started.
26.10. 11:27:15.779    Waiting for qres.dat or Syringe.exe to exit.
26.10. 11:27:44.277    GameProcessLogic: Process exited.
26.10. 11:27:44.486    GameProcessExited: Parsing statistics.
26.10. 11:27:44.486    Parsing game statistics.
26.10. 11:27:44.486    Attempting to read statistics from Debug\debug.log
26.10. 11:27:44.493    GameProcessExited: Adding match to statistics.
26.10. 11:27:44.493    Skipping adding match to statistics because game only had one player.
26.10. 11:27:45.754    Writing spawn.ini
26.10. 11:27:45.755    Writing map.
26.10. 11:27:45.755    Loading map INI from C:/Program Files (x86)/MO Dev/MapsMO\Standard\reconcile.map
26.10. 11:27:45.770    About to launch main game executable.
26.10. 11:27:45.771    Writing settings INI.
26.10. 11:27:45.772    Launch executable: Syringe.exe
26.10. 11:27:45.772    Launch arguments:  "gamemd.exe" -SPAWN -CD -SPEEDCONTROL -LOG -AFFINITY:255
26.10. 11:27:45.777    GameProcessLogic: Process started.
26.10. 11:27:45.784    Waiting for qres.dat or Syringe.exe to exit.
26.10. 11:28:17.413    GameProcessLogic: Process exited.
26.10. 11:28:17.607    GameProcessExited: Parsing statistics.
26.10. 11:28:17.607    Parsing game statistics.
26.10. 11:28:17.607    Attempting to read statistics from Debug\debug.log
26.10. 11:28:17.615    GameProcessExited: Adding match to statistics.
26.10. 11:28:17.615    Skipping adding match to statistics because game only had one player.
26.10. 11:28:18.888    Writing spawn.ini
26.10. 11:28:18.889    Writing map.
26.10. 11:28:18.889    Loading map INI from C:/Program Files (x86)/MO Dev/MapsMO\Standard\reconcile.map
26.10. 11:28:18.901    About to launch main game executable.
26.10. 11:28:18.903    Writing settings INI.
26.10. 11:28:18.903    Launch executable: Syringe.exe
26.10. 11:28:18.903    Launch arguments:  "gamemd.exe" -SPAWN -CD -SPEEDCONTROL -LOG -AFFINITY:255
26.10. 11:28:18.908    GameProcessLogic: Process started.
26.10. 11:28:18.914    Waiting for qres.dat or Syringe.exe to exit.
26.10. 11:28:51.707    GameProcessLogic: Process exited.
26.10. 11:28:51.899    GameProcessExited: Parsing statistics.
26.10. 11:28:51.899    Parsing game statistics.
26.10. 11:28:51.899    Attempting to read statistics from Debug\debug.log
26.10. 11:28:51.906    GameProcessExited: Adding match to statistics.
26.10. 11:28:51.906    Skipping adding match to statistics because game only had one player.
26.10. 11:28:53.564    Writing spawn.ini
26.10. 11:28:53.565    Writing map.
26.10. 11:28:53.565    Loading map INI from C:/Program Files (x86)/MO Dev/MapsMO\Standard\reconcile.map
26.10. 11:28:53.578    About to launch main game executable.
26.10. 11:28:53.581    Writing settings INI.
26.10. 11:28:53.581    Launch executable: Syringe.exe
26.10. 11:28:53.581    Launch arguments:  "gamemd.exe" -SPAWN -CD -SPEEDCONTROL -LOG -AFFINITY:255
26.10. 11:28:53.586    GameProcessLogic: Process started.
26.10. 11:28:53.592    Waiting for qres.dat or Syringe.exe to exit.
26.10. 11:31:34.496    GameProcessLogic: Process exited.
26.10. 11:31:36.042    GameProcessExited: Parsing statistics.
26.10. 11:31:36.042    Parsing game statistics.
26.10. 11:31:36.042    Attempting to read statistics from Debug\debug.log
26.10. 11:31:36.049    GameProcessExited: Adding match to statistics.
26.10. 11:31:36.049    Skipping adding match to statistics because game only had one player.
26.10. 11:40:19.735    Writing spawn.ini
26.10. 11:40:19.736    Writing map.
26.10. 11:40:19.736    Loading map INI from C:/Program Files (x86)/MO Dev/MapsMO\Standard\reconcile.map
26.10. 11:40:19.750    About to launch main game executable.
26.10. 11:40:19.752    Writing settings INI.
26.10. 11:40:19.753    Launch executable: Syringe.exe
26.10. 11:40:19.753    Launch arguments:  "gamemd.exe" -SPAWN -CD -SPEEDCONTROL -LOG -AFFINITY:255
26.10. 11:40:19.758    GameProcessLogic: Process started.
26.10. 11:40:19.765    Waiting for qres.dat or Syringe.exe to exit.
26.10. 11:51:09.529    GameProcessLogic: Process exited.
26.10. 11:51:09.668    GameProcessExited: Parsing statistics.
26.10. 11:51:09.668    Parsing game statistics.
26.10. 11:51:09.668    Attempting to read statistics from Debug\debug.log
26.10. 11:51:09.673    GameProcessExited: Adding match to statistics.
26.10. 11:51:09.673    Skipping adding match to statistics because game only had one player.
26.10. 11:51:51.437    Writing spawn.ini
26.10. 11:51:51.438    Writing map.
26.10. 11:51:51.438    Loading map INI from C:/Program Files (x86)/MO Dev/MapsMO\Standard\reconcile.map
26.10. 11:51:51.522    About to launch main game executable.
26.10. 11:51:51.524    Writing settings INI.
26.10. 11:51:51.524    Launch executable: Syringe.exe
26.10. 11:51:51.524    Launch arguments:  "gamemd.exe" -SPAWN -CD -SPEEDCONTROL -LOG -AFFINITY:255
26.10. 11:51:51.530    GameProcessLogic: Process started.
26.10. 11:51:51.536    Waiting for qres.dat or Syringe.exe to exit.
26.10. 12:04:47.568    GameProcessLogic: Process exited.
26.10. 12:04:49.144    GameProcessExited: Parsing statistics.
26.10. 12:04:49.144    Parsing game statistics.
26.10. 12:04:49.144    Attempting to read statistics from Debug\debug.log
26.10. 12:04:49.151    GameProcessExited: Adding match to statistics.
26.10. 12:04:49.152    Skipping adding match to statistics because game only had one player.
26.10. 13:41:13.611    Writing spawn.ini
26.10. 13:41:13.611    Writing map.
26.10. 13:41:13.612    Loading map INI from C:/Program Files (x86)/MO Dev/MapsMO\Standard\reconcile.map
26.10. 13:41:13.753    About to launch main game executable.
26.10. 13:41:13.755    Writing settings INI.
26.10. 13:41:13.755    Launch executable: Syringe.exe
26.10. 13:41:13.755    Launch arguments:  "gamemd.exe" -SPAWN -CD -SPEEDCONTROL -LOG -AFFINITY:255
26.10. 13:41:13.761    GameProcessLogic: Process started.
26.10. 13:41:13.768    Waiting for qres.dat or Syringe.exe to exit.
26.10. 13:42:10.041    GameProcessLogic: Process exited.
26.10. 13:42:10.067    GameProcessExited: Parsing statistics.
26.10. 13:42:10.068    Parsing game statistics.
26.10. 13:42:10.068    Attempting to read statistics from Debug\debug.log
26.10. 13:42:10.078    GameProcessExited: Adding match to statistics.
26.10. 13:42:10.079    Skipping adding match to statistics because game only had one player.
26.10. 13:42:22.191    Writing spawn.ini
26.10. 13:42:22.192    Writing map.
26.10. 13:42:22.192    Loading map INI from C:/Program Files (x86)/MO Dev/MapsMO\Standard\reconcile.map
26.10. 13:42:22.277    About to launch main game executable.
26.10. 13:42:22.279    Writing settings INI.
26.10. 13:42:22.280    Launch executable: Syringe.exe
26.10. 13:42:22.280    Launch arguments:  "gamemd.exe" -SPAWN -CD -SPEEDCONTROL -LOG -AFFINITY:255
26.10. 13:42:22.283    GameProcessLogic: Process started.
26.10. 13:42:22.292    Waiting for qres.dat or Syringe.exe to exit.
26.10. 13:42:42.335    GameProcessLogic: Process exited.
26.10. 13:42:42.439    GameProcessExited: Parsing statistics.
26.10. 13:42:42.440    Parsing game statistics.
26.10. 13:42:42.440    Attempting to read statistics from Debug\debug.log
26.10. 13:42:42.448    GameProcessExited: Adding match to statistics.
26.10. 13:42:42.448    Skipping adding match to statistics because game only had one player.
26.10. 13:43:56.894    Writing spawn.ini
26.10. 13:43:56.895    Writing map.
26.10. 13:43:56.895    Loading map INI from C:/Program Files (x86)/MO Dev/MapsMO\Standard\reconcile.map
26.10. 13:43:56.978    About to launch main game executable.
26.10. 13:43:56.980    Writing settings INI.
26.10. 13:43:56.981    Launch executable: Syringe.exe
26.10. 13:43:56.981    Launch arguments:  "gamemd.exe" -SPAWN -CD -SPEEDCONTROL -LOG -AFFINITY:255
26.10. 13:43:56.988    GameProcessLogic: Process started.
26.10. 13:43:56.996    Waiting for qres.dat or Syringe.exe to exit.
26.10. 13:44:31.610    GameProcessLogic: Process exited.
26.10. 13:44:31.743    GameProcessExited: Parsing statistics.
26.10. 13:44:31.743    Parsing game statistics.
26.10. 13:44:31.743    Attempting to read statistics from Debug\debug.log
26.10. 13:44:31.752    GameProcessExited: Adding match to statistics.
26.10. 13:44:31.753    Skipping adding match to statistics because game only had one player.
26.10. 13:49:49.152    Writing spawn.ini
26.10. 13:49:49.153    Writing map.
26.10. 13:49:49.153    Loading map INI from C:/Program Files (x86)/MO Dev/MapsMO\Standard\reconcile.map
26.10. 13:49:49.238    About to launch main game executable.
26.10. 13:49:49.239    Writing settings INI.
26.10. 13:49:49.239    Launch executable: Syringe.exe
26.10. 13:49:49.239    Launch arguments:  "gamemd.exe" -SPAWN -CD -SPEEDCONTROL -LOG -AFFINITY:255
26.10. 13:49:49.244    GameProcessLogic: Process started.
26.10. 13:49:49.253    Waiting for qres.dat or Syringe.exe to exit.
26.10. 13:51:01.397    GameProcessLogic: Process exited.
26.10. 13:51:01.598    GameProcessExited: Parsing statistics.
26.10. 13:51:01.598    Parsing game statistics.
26.10. 13:51:01.598    Attempting to read statistics from Debug\debug.log
26.10. 13:51:01.607    GameProcessExited: Adding match to statistics.
26.10. 13:51:01.607    Skipping adding match to statistics because game only had one player.
26.10. 14:02:12.988    Writing spawn.ini
26.10. 14:02:12.989    Writing map.
26.10. 14:02:12.989    Loading map INI from C:/Program Files (x86)/MO Dev/MapsMO\Standard\reconcile.map
26.10. 14:02:13.075    About to launch main game executable.
26.10. 14:02:13.077    Writing settings INI.
26.10. 14:02:13.078    Launch executable: Syringe.exe
26.10. 14:02:13.078    Launch arguments:  "gamemd.exe" -SPAWN -CD -SPEEDCONTROL -LOG -AFFINITY:255
26.10. 14:02:13.083    GameProcessLogic: Process started.
26.10. 14:02:13.090    Waiting for qres.dat or Syringe.exe to exit.
26.10. 14:03:54.090    GameProcessLogic: Process exited.
26.10. 14:03:54.235    GameProcessExited: Parsing statistics.
26.10. 14:03:54.236    Parsing game statistics.
26.10. 14:03:54.236    Attempting to read statistics from Debug\debug.log
26.10. 14:03:54.243    GameProcessExited: Adding match to statistics.
26.10. 14:03:54.243    Skipping adding match to statistics because game only had one player.
26.10. 14:09:44.197    Writing spawn.ini
26.10. 14:09:44.198    Writing map.
26.10. 14:09:44.198    Loading map INI from C:/Program Files (x86)/MO Dev/MapsMO\Standard\reconcile.map
26.10. 14:09:44.282    About to launch main game executable.
26.10. 14:09:44.284    Writing settings INI.
26.10. 14:09:44.285    Launch executable: Syringe.exe
26.10. 14:09:44.285    Launch arguments:  "gamemd.exe" -SPAWN -CD -SPEEDCONTROL -LOG -AFFINITY:255
26.10. 14:09:44.292    GameProcessLogic: Process started.
26.10. 14:09:44.299    Waiting for qres.dat or Syringe.exe to exit.
26.10. 14:10:37.337    GameProcessLogic: Process exited.
26.10. 14:10:37.452    GameProcessExited: Parsing statistics.
26.10. 14:10:37.452    Parsing game statistics.
26.10. 14:10:37.452    Attempting to read statistics from Debug\debug.log
26.10. 14:10:37.461    GameProcessExited: Adding match to statistics.
26.10. 14:10:37.461    Skipping adding match to statistics because game only had one player.
26.10. 14:11:39.936    Writing spawn.ini
26.10. 14:11:39.937    Writing map.
26.10. 14:11:39.938    Loading map INI from C:/Program Files (x86)/MO Dev/MapsMO\Standard\paradisewarfare.map
26.10. 14:11:40.090    About to launch main game executable.
26.10. 14:11:40.092    Writing settings INI.
26.10. 14:11:40.092    Launch executable: Syringe.exe
26.10. 14:11:40.092    Launch arguments:  "gamemd.exe" -SPAWN -CD -SPEEDCONTROL -LOG -AFFINITY:255
26.10. 14:11:40.097    GameProcessLogic: Process started.
26.10. 14:11:40.106    Waiting for qres.dat or Syringe.exe to exit.
26.10. 14:13:38.603    GameProcessLogic: Process exited.
26.10. 14:13:38.769    GameProcessExited: Parsing statistics.
26.10. 14:13:38.769    Parsing game statistics.
26.10. 14:13:38.770    Attempting to read statistics from Debug\debug.log
26.10. 14:13:38.778    GameProcessExited: Adding match to statistics.
26.10. 14:13:38.779    Skipping adding match to statistics because game only had one player.
26.10. 14:13:53.224    Writing spawn.ini
26.10. 14:13:53.225    Writing map.
26.10. 14:13:53.225    Loading map INI from C:/Program Files (x86)/MO Dev/MapsMO\Standard\reconcile.map
26.10. 14:13:53.310    About to launch main game executable.
26.10. 14:13:53.312    Writing settings INI.
26.10. 14:13:53.312    Launch executable: Syringe.exe
26.10. 14:13:53.312    Launch arguments:  "gamemd.exe" -SPAWN -CD -SPEEDCONTROL -LOG -AFFINITY:255
26.10. 14:13:53.319    GameProcessLogic: Process started.
26.10. 14:13:53.328    Waiting for qres.dat or Syringe.exe to exit.
26.10. 14:14:35.628    GameProcessLogic: Process exited.
26.10. 14:14:35.670    GameProcessExited: Parsing statistics.
26.10. 14:14:35.670    Parsing game statistics.
26.10. 14:14:35.671    Attempting to read statistics from Debug\debug.log
26.10. 14:14:35.678    GameProcessExited: Adding match to statistics.
26.10. 14:14:35.678    Skipping adding match to statistics because game only had one player.
26.10. 14:15:09.641    Writing spawn.ini
26.10. 14:15:09.643    Writing map.
26.10. 14:15:09.643    Loading map INI from C:/Program Files (x86)/MO Dev/MapsMO\Standard\reconcile.map
26.10. 14:15:09.726    About to launch main game executable.
26.10. 14:15:09.728    Writing settings INI.
26.10. 14:15:09.728    Launch executable: Syringe.exe
26.10. 14:15:09.728    Launch arguments:  "gamemd.exe" -SPAWN -CD -SPEEDCONTROL -LOG -AFFINITY:255
26.10. 14:15:09.736    GameProcessLogic: Process started.
26.10. 14:15:09.744    Waiting for qres.dat or Syringe.exe to exit.
26.10. 14:15:59.081    GameProcessLogic: Process exited.
26.10. 14:15:59.104    GameProcessExited: Parsing statistics.
26.10. 14:15:59.104    Parsing game statistics.
26.10. 14:15:59.104    Attempting to read statistics from Debug\debug.log
26.10. 14:15:59.112    GameProcessExited: Adding match to statistics.
26.10. 14:15:59.112    Skipping adding match to statistics because game only had one player.
26.10. 14:25:04.353    Writing spawn.ini
26.10. 14:25:04.355    Writing map.
26.10. 14:25:04.355    Loading map INI from C:/Program Files (x86)/MO Dev/MapsMO\Standard\reconcile.map
26.10. 14:25:04.440    About to launch main game executable.
26.10. 14:25:04.442    Writing settings INI.
26.10. 14:25:04.442    Launch executable: Syringe.exe
26.10. 14:25:04.443    Launch arguments:  "gamemd.exe" -SPAWN -CD -SPEEDCONTROL -LOG -AFFINITY:255
26.10. 14:25:04.450    GameProcessLogic: Process started.
26.10. 14:25:04.458    Waiting for qres.dat or Syringe.exe to exit.
26.10. 14:26:31.408    GameProcessLogic: Process exited.
26.10. 14:26:31.603    GameProcessExited: Parsing statistics.
26.10. 14:26:31.603    Parsing game statistics.
26.10. 14:26:31.603    Attempting to read statistics from Debug\debug.log
26.10. 14:26:31.615    GameProcessExited: Adding match to statistics.
26.10. 14:26:31.615    Skipping adding match to statistics because game only had one player.
26.10. 14:38:51.069    Writing spawn.ini
26.10. 14:38:51.070    Writing map.
26.10. 14:38:51.070    Loading map INI from C:/Program Files (x86)/MO Dev/MapsMO\Standard\reconcile.map
26.10. 14:38:51.155    About to launch main game executable.
26.10. 14:38:51.157    Writing settings INI.
26.10. 14:38:51.158    Launch executable: Syringe.exe
26.10. 14:38:51.158    Launch arguments:  "gamemd.exe" -SPAWN -CD -SPEEDCONTROL -LOG -AFFINITY:255
26.10. 14:38:51.169    GameProcessLogic: Process started.
26.10. 14:38:51.178    Waiting for qres.dat or Syringe.exe to exit.
26.10. 14:39:12.646    GameProcessLogic: Process exited.
26.10. 14:39:12.713    GameProcessExited: Parsing statistics.
26.10. 14:39:12.713    Parsing game statistics.
26.10. 14:39:12.713    Attempting to read statistics from Debug\debug.log
26.10. 14:39:12.724    GameProcessExited: Adding match to statistics.
26.10. 14:39:12.724    Skipping adding match to statistics because game only had one player.
26.10. 14:39:46.879    Writing spawn.ini
26.10. 14:39:46.880    Writing map.
26.10. 14:39:46.880    Loading map INI from C:/Program Files (x86)/MO Dev/MapsMO\Standard\reconcile.map
26.10. 14:39:46.963    About to launch main game executable.
26.10. 14:39:46.965    Writing settings INI.
26.10. 14:39:46.966    Launch executable: Syringe.exe
26.10. 14:39:46.966    Launch arguments:  "gamemd.exe" -SPAWN -CD -SPEEDCONTROL -LOG -AFFINITY:255
26.10. 14:39:46.973    GameProcessLogic: Process started.
26.10. 14:39:46.981    Waiting for qres.dat or Syringe.exe to exit.
26.10. 14:40:15.694    GameProcessLogic: Process exited.
26.10. 14:40:15.727    GameProcessExited: Parsing statistics.
26.10. 14:40:15.727    Parsing game statistics.
26.10. 14:40:15.727    Attempting to read statistics from Debug\debug.log
26.10. 14:40:15.735    GameProcessExited: Adding match to statistics.
26.10. 14:40:15.735    Skipping adding match to statistics because game only had one player.
26.10. 14:41:37.917    Writing spawn.ini
26.10. 14:41:37.917    Writing map.
26.10. 14:41:37.917    Loading map INI from C:/Program Files (x86)/MO Dev/MapsMO\Standard\reconcile.map
26.10. 14:41:38.000    About to launch main game executable.
26.10. 14:41:38.002    Writing settings INI.
26.10. 14:41:38.002    Launch executable: Syringe.exe
26.10. 14:41:38.002    Launch arguments:  "gamemd.exe" -SPAWN -CD -SPEEDCONTROL -LOG -AFFINITY:255
26.10. 14:41:38.010    GameProcessLogic: Process started.
26.10. 14:41:38.017    Waiting for qres.dat or Syringe.exe to exit.
26.10. 14:43:17.672    GameProcessLogic: Process exited.
26.10. 14:43:17.763    GameProcessExited: Parsing statistics.
26.10. 14:43:17.763    Parsing game statistics.
26.10. 14:43:17.763    Attempting to read statistics from Debug\debug.log
26.10. 14:43:17.771    GameProcessExited: Adding match to statistics.
26.10. 14:43:17.771    Skipping adding match to statistics because game only had one player.
26.10. 14:46:22.483    Writing spawn.ini
26.10. 14:46:22.483    Writing map.
26.10. 14:46:22.483    Loading map INI from C:/Program Files (x86)/MO Dev/MapsMO\Standard\reconcile.map
26.10. 14:46:22.568    About to launch main game executable.
26.10. 14:46:22.571    Writing settings INI.
26.10. 14:46:22.571    Launch executable: Syringe.exe
26.10. 14:46:22.571    Launch arguments:  "gamemd.exe" -SPAWN -CD -SPEEDCONTROL -LOG -AFFINITY:255
26.10. 14:46:22.578    GameProcessLogic: Process started.
26.10. 14:46:22.586    Waiting for qres.dat or Syringe.exe to exit.
26.10. 14:46:43.645    GameProcessLogic: Process exited.
26.10. 14:46:43.719    GameProcessExited: Parsing statistics.
26.10. 14:46:43.719    Parsing game statistics.
26.10. 14:46:43.719    Attempting to read statistics from Debug\debug.log
26.10. 14:46:43.729    GameProcessExited: Adding match to statistics.
26.10. 14:46:43.729    Skipping adding match to statistics because game only had one player.
26.10. 14:47:26.553    Writing spawn.ini
26.10. 14:47:26.553    Writing map.
26.10. 14:47:26.553    Loading map INI from C:/Program Files (x86)/MO Dev/MapsMO\Standard\reconcile.map
26.10. 14:47:26.637    About to launch main game executable.
26.10. 14:47:26.640    Writing settings INI.
26.10. 14:47:26.640    Launch executable: Syringe.exe
26.10. 14:47:26.640    Launch arguments:  "gamemd.exe" -SPAWN -CD -SPEEDCONTROL -LOG -AFFINITY:255
26.10. 14:47:26.645    GameProcessLogic: Process started.
26.10. 14:47:26.651    Waiting for qres.dat or Syringe.exe to exit.
26.10. 14:47:57.906    GameProcessLogic: Process exited.
26.10. 14:47:58.001    GameProcessExited: Parsing statistics.
26.10. 14:47:58.001    Parsing game statistics.
26.10. 14:47:58.001    Attempting to read statistics from Debug\debug.log
26.10. 14:47:58.008    GameProcessExited: Adding match to statistics.
26.10. 14:47:58.008    Skipping adding match to statistics because game only had one player.
26.10. 15:12:14.762    Writing spawn.ini
26.10. 15:12:14.763    Writing map.
26.10. 15:12:14.763    Loading map INI from C:/Program Files (x86)/MO Dev/MapsMO\Standard\reconcile.map
26.10. 15:12:14.847    About to launch main game executable.
26.10. 15:12:14.849    Writing settings INI.
26.10. 15:12:14.849    Launch executable: Syringe.exe
26.10. 15:12:14.849    Launch arguments:  "gamemd.exe" -SPAWN -CD -SPEEDCONTROL -LOG -AFFINITY:255
26.10. 15:12:14.854    GameProcessLogic: Process started.
26.10. 15:12:14.862    Waiting for qres.dat or Syringe.exe to exit.
26.10. 15:12:42.978    GameProcessLogic: Process exited.
26.10. 15:12:43.022    GameProcessExited: Parsing statistics.
26.10. 15:12:43.022    Parsing game statistics.
26.10. 15:12:43.023    Attempting to read statistics from Debug\debug.log
26.10. 15:12:43.030    GameProcessExited: Adding match to statistics.
26.10. 15:12:43.030    Skipping adding match to statistics because game only had one player.
26.10. 15:14:33.811    Writing spawn.ini
26.10. 15:14:33.811    Writing map.
26.10. 15:14:33.811    Loading map INI from C:/Program Files (x86)/MO Dev/MapsMO\Standard\reconcile.map
26.10. 15:14:33.896    About to launch main game executable.
26.10. 15:14:33.898    Writing settings INI.
26.10. 15:14:33.898    Launch executable: Syringe.exe
26.10. 15:14:33.898    Launch arguments:  "gamemd.exe" -SPAWN -CD -SPEEDCONTROL -LOG -AFFINITY:255
26.10. 15:14:33.906    GameProcessLogic: Process started.
26.10. 15:14:33.914    Waiting for qres.dat or Syringe.exe to exit.
26.10. 15:15:15.543    GameProcessLogic: Process exited.
26.10. 15:15:15.657    GameProcessExited: Parsing statistics.
26.10. 15:15:15.657    Parsing game statistics.
26.10. 15:15:15.657    Attempting to read statistics from Debug\debug.log
26.10. 15:15:15.664    GameProcessExited: Adding match to statistics.
26.10. 15:15:15.664    Skipping adding match to statistics because game only had one player.
26.10. 15:16:32.526    Writing spawn.ini
26.10. 15:16:32.527    Writing map.
26.10. 15:16:32.527    Loading map INI from C:/Program Files (x86)/MO Dev/MapsMO\Standard\reconcile.map
26.10. 15:16:32.611    About to launch main game executable.
26.10. 15:16:32.613    Writing settings INI.
26.10. 15:16:32.614    Launch executable: Syringe.exe
26.10. 15:16:32.614    Launch arguments:  "gamemd.exe" -SPAWN -CD -SPEEDCONTROL -LOG -AFFINITY:255
26.10. 15:16:32.618    GameProcessLogic: Process started.
26.10. 15:16:32.628    Waiting for qres.dat or Syringe.exe to exit.
26.10. 15:16:57.883    GameProcessLogic: Process exited.
26.10. 15:16:57.978    GameProcessExited: Parsing statistics.
26.10. 15:16:57.978    Parsing game statistics.
26.10. 15:16:57.978    Attempting to read statistics from Debug\debug.log
26.10. 15:16:57.985    GameProcessExited: Adding match to statistics.
26.10. 15:16:57.985    Skipping adding match to statistics because game only had one player.
26.10. 15:22:41.082    Writing spawn.ini
26.10. 15:22:41.082    Writing map.
26.10. 15:22:41.082    Loading map INI from C:/Program Files (x86)/MO Dev/MapsMO\Standard\reconcile.map
26.10. 15:22:41.166    About to launch main game executable.
26.10. 15:22:41.168    Writing settings INI.
26.10. 15:22:41.169    Launch executable: Syringe.exe
26.10. 15:22:41.169    Launch arguments:  "gamemd.exe" -SPAWN -CD -SPEEDCONTROL -LOG -AFFINITY:255
26.10. 15:22:41.176    GameProcessLogic: Process started.
26.10. 15:22:41.185    Waiting for qres.dat or Syringe.exe to exit.
26.10. 15:23:03.135    GameProcessLogic: Process exited.
26.10. 15:23:03.321    GameProcessExited: Parsing statistics.
26.10. 15:23:03.322    Parsing game statistics.
26.10. 15:23:03.322    Attempting to read statistics from Debug\debug.log
26.10. 15:23:03.329    GameProcessExited: Adding match to statistics.
26.10. 15:23:03.329    Skipping adding match to statistics because game only had one player.
26.10. 15:26:59.061    Writing spawn.ini
26.10. 15:26:59.062    Writing map.
26.10. 15:26:59.062    Loading map INI from C:/Program Files (x86)/MO Dev/MapsMO\Standard\reconcile.map
26.10. 15:26:59.147    About to launch main game executable.
26.10. 15:26:59.148    Writing settings INI.
26.10. 15:26:59.149    Launch executable: Syringe.exe
26.10. 15:26:59.149    Launch arguments:  "gamemd.exe" -SPAWN -CD -SPEEDCONTROL -LOG -AFFINITY:255
26.10. 15:26:59.154    GameProcessLogic: Process started.
26.10. 15:26:59.162    Waiting for qres.dat or Syringe.exe to exit.
26.10. 15:27:18.140    GameProcessLogic: Process exited.
26.10. 15:27:18.313    GameProcessExited: Parsing statistics.
26.10. 15:27:18.313    Parsing game statistics.
26.10. 15:27:18.313    Attempting to read statistics from Debug\debug.log
26.10. 15:27:18.321    GameProcessExited: Adding match to statistics.
26.10. 15:27:18.321    Skipping adding match to statistics because game only had one player.
26.10. 15:28:54.011    Writing spawn.ini
26.10. 15:28:54.011    Writing map.
26.10. 15:28:54.011    Loading map INI from C:/Program Files (x86)/MO Dev/MapsMO\Standard\reconcile.map
26.10. 15:28:54.098    About to launch main game executable.
26.10. 15:28:54.100    Writing settings INI.
26.10. 15:28:54.100    Launch executable: Syringe.exe
26.10. 15:28:54.100    Launch arguments:  "gamemd.exe" -SPAWN -CD -SPEEDCONTROL -LOG -AFFINITY:255
26.10. 15:28:54.105    GameProcessLogic: Process started.
26.10. 15:28:54.112    Waiting for qres.dat or Syringe.exe to exit.
26.10. 15:29:14.275    GameProcessLogic: Process exited.
26.10. 15:29:14.463    GameProcessExited: Parsing statistics.
26.10. 15:29:14.463    Parsing game statistics.
26.10. 15:29:14.463    Attempting to read statistics from Debug\debug.log
26.10. 15:29:14.470    GameProcessExited: Adding match to statistics.
26.10. 15:29:14.470    Skipping adding match to statistics because game only had one player.
26.10. 15:30:55.392    Writing spawn.ini
26.10. 15:30:55.393    Writing map.
26.10. 15:30:55.393    Loading map INI from C:/Program Files (x86)/MO Dev/MapsMO\Standard\reconcile.map
26.10. 15:30:55.478    About to launch main game executable.
26.10. 15:30:55.481    Writing settings INI.
26.10. 15:30:55.481    Launch executable: Syringe.exe
26.10. 15:30:55.481    Launch arguments:  "gamemd.exe" -SPAWN -CD -SPEEDCONTROL -LOG -AFFINITY:255
26.10. 15:30:55.485    GameProcessLogic: Process started.
26.10. 15:30:55.493    Waiting for qres.dat or Syringe.exe to exit.
26.10. 15:31:13.475    GameProcessLogic: Process exited.
26.10. 15:31:13.626    GameProcessExited: Parsing statistics.
26.10. 15:31:13.626    Parsing game statistics.
26.10. 15:31:13.626    Attempting to read statistics from Debug\debug.log
26.10. 15:31:13.642    GameProcessExited: Adding match to statistics.
26.10. 15:31:13.642    Skipping adding match to statistics because game only had one player.
26.10. 15:34:41.396    Writing spawn.ini
26.10. 15:34:41.397    Writing map.
26.10. 15:34:41.397    Loading map INI from C:/Program Files (x86)/MO Dev/MapsMO\Standard\reconcile.map
26.10. 15:34:41.483    About to launch main game executable.
26.10. 15:34:41.484    Writing settings INI.
26.10. 15:34:41.484    Launch executable: Syringe.exe
26.10. 15:34:41.484    Launch arguments:  "gamemd.exe" -SPAWN -CD -SPEEDCONTROL -LOG -AFFINITY:255
26.10. 15:34:41.491    GameProcessLogic: Process started.
26.10. 15:34:41.499    Waiting for qres.dat or Syringe.exe to exit.
26.10. 15:36:38.548    GameProcessLogic: Process exited.
26.10. 15:36:38.640    GameProcessExited: Parsing statistics.
26.10. 15:36:38.640    Parsing game statistics.
26.10. 15:36:38.640    Attempting to read statistics from Debug\debug.log
26.10. 15:36:38.648    GameProcessExited: Adding match to statistics.
26.10. 15:36:38.648    Skipping adding match to statistics because game only had one player.
26.10. 15:36:46.948    Writing spawn.ini
26.10. 15:36:46.949    Writing map.
26.10. 15:36:46.949    Loading map INI from C:/Program Files (x86)/MO Dev/MapsMO\Standard\reconcile.map
26.10. 15:36:47.033    About to launch main game executable.
26.10. 15:36:47.036    Writing settings INI.
26.10. 15:36:47.036    Launch executable: Syringe.exe
26.10. 15:36:47.036    Launch arguments:  "gamemd.exe" -SPAWN -CD -SPEEDCONTROL -LOG -AFFINITY:255
26.10. 15:36:47.041    GameProcessLogic: Process started.
26.10. 15:36:47.049    Waiting for qres.dat or Syringe.exe to exit.
26.10. 15:37:06.903    GameProcessLogic: Process exited.
26.10. 15:37:06.988    GameProcessExited: Parsing statistics.
26.10. 15:37:06.988    Parsing game statistics.
26.10. 15:37:06.988    Attempting to read statistics from Debug\debug.log
26.10. 15:37:06.996    GameProcessExited: Adding match to statistics.
26.10. 15:37:06.996    Skipping adding match to statistics because game only had one player.
26.10. 16:27:46.357    Writing spawn.ini
26.10. 16:27:46.358    Writing map.
26.10. 16:27:46.359    Loading map INI from C:/Program Files (x86)/MO Dev/MapsMO\Standard\reconcile.map
26.10. 16:27:46.443    About to launch main game executable.
26.10. 16:27:46.445    Writing settings INI.
26.10. 16:27:46.447    Launch executable: Syringe.exe
26.10. 16:27:46.447    Launch arguments:  "gamemd.exe" -SPAWN -CD -SPEEDCONTROL -LOG -AFFINITY:255
26.10. 16:27:46.452    GameProcessLogic: Process started.
26.10. 16:27:46.461    Waiting for qres.dat or Syringe.exe to exit.
26.10. 16:28:00.775    GameProcessLogic: Process exited.
26.10. 16:28:00.806    GameProcessExited: Parsing statistics.
26.10. 16:28:00.806    Parsing game statistics.
26.10. 16:28:00.806    Attempting to read statistics from Debug\debug.log
26.10. 16:28:00.814    GameProcessExited: Adding match to statistics.
26.10. 16:28:00.814    Skipping adding match to statistics because game only had one player.
26.10. 16:28:38.583    Writing spawn.ini
26.10. 16:28:38.584    Writing map.
26.10. 16:28:38.584    Loading map INI from C:/Program Files (x86)/MO Dev/MapsMO\Standard\reconcile.map
26.10. 16:28:38.668    About to launch main game executable.
26.10. 16:28:38.669    Writing settings INI.
26.10. 16:28:38.669    Launch executable: Syringe.exe
26.10. 16:28:38.669    Launch arguments:  "gamemd.exe" -SPAWN -CD -SPEEDCONTROL -LOG -AFFINITY:255
26.10. 16:28:38.674    GameProcessLogic: Process started.
26.10. 16:28:38.681    Waiting for qres.dat or Syringe.exe to exit.
26.10. 16:29:14.267    GameProcessLogic: Process exited.
26.10. 16:29:14.426    GameProcessExited: Parsing statistics.
26.10. 16:29:14.427    Parsing game statistics.
26.10. 16:29:14.427    Attempting to read statistics from Debug\debug.log
26.10. 16:29:14.434    GameProcessExited: Adding match to statistics.
26.10. 16:29:14.434    Skipping adding match to statistics because game only had one player.
26.10. 16:34:31.041    Writing spawn.ini
26.10. 16:34:31.042    Writing map.
26.10. 16:34:31.042    Loading map INI from C:/Program Files (x86)/MO Dev/MapsMO\Standard\reconcile.map
26.10. 16:34:31.126    About to launch main game executable.
26.10. 16:34:31.127    Writing settings INI.
26.10. 16:34:31.128    Launch executable: Syringe.exe
26.10. 16:34:31.128    Launch arguments:  "gamemd.exe" -SPAWN -CD -SPEEDCONTROL -LOG -AFFINITY:255
26.10. 16:34:31.136    GameProcessLogic: Process started.
26.10. 16:34:31.144    Waiting for qres.dat or Syringe.exe to exit.
26.10. 16:35:20.889    GameProcessLogic: Process exited.
26.10. 16:35:21.087    GameProcessExited: Parsing statistics.
26.10. 16:35:21.087    Parsing game statistics.
26.10. 16:35:21.087    Attempting to read statistics from Debug\debug.log
26.10. 16:35:21.094    GameProcessExited: Adding match to statistics.
26.10. 16:35:21.094    Skipping adding match to statistics because game only had one player.
26.10. 16:35:29.681    Writing spawn.ini
26.10. 16:35:29.682    Writing map.
26.10. 16:35:29.682    Loading map INI from C:/Program Files (x86)/MO Dev/MapsMO\Standard\reconcile.map
26.10. 16:35:29.698    About to launch main game executable.
26.10. 16:35:29.700    Writing settings INI.
26.10. 16:35:29.701    Launch executable: Syringe.exe
26.10. 16:35:29.701    Launch arguments:  "gamemd.exe" -SPAWN -CD -SPEEDCONTROL -LOG -AFFINITY:255
26.10. 16:35:29.706    GameProcessLogic: Process started.
26.10. 16:35:29.712    Waiting for qres.dat or Syringe.exe to exit.
26.10. 16:36:00.865    GameProcessLogic: Process exited.
26.10. 16:36:00.925    GameProcessExited: Parsing statistics.
26.10. 16:36:00.925    Parsing game statistics.
26.10. 16:36:00.925    Attempting to read statistics from Debug\debug.log
26.10. 16:36:00.931    GameProcessExited: Adding match to statistics.
26.10. 16:36:00.931    Skipping adding match to statistics because game only had one player.
26.10. 16:37:01.912    Writing spawn.ini
26.10. 16:37:01.914    Writing map.
26.10. 16:37:01.914    Loading map INI from C:/Program Files (x86)/MO Dev/MapsMO\Standard\reconcile.map
26.10. 16:37:01.924    About to launch main game executable.
26.10. 16:37:01.925    Writing settings INI.
26.10. 16:37:01.926    Launch executable: Syringe.exe
26.10. 16:37:01.926    Launch arguments:  "gamemd.exe" -SPAWN -CD -SPEEDCONTROL -LOG -AFFINITY:255
26.10. 16:37:01.931    GameProcessLogic: Process started.
26.10. 16:37:01.938    Waiting for qres.dat or Syringe.exe to exit.
26.10. 16:37:33.793    GameProcessLogic: Process exited.
26.10. 16:37:33.963    GameProcessExited: Parsing statistics.
26.10. 16:37:33.963    Parsing game statistics.
26.10. 16:37:33.964    Attempting to read statistics from Debug\debug.log
26.10. 16:37:33.971    GameProcessExited: Adding match to statistics.
26.10. 16:37:33.972    Skipping adding match to statistics because game only had one player.
26.10. 16:43:37.724    Writing spawn.ini
26.10. 16:43:37.724    Writing map.
26.10. 16:43:37.726    Loading map INI from C:/Program Files (x86)/MO Dev/MapsMO\Standard\reconcile.map
26.10. 16:43:37.735    About to launch main game executable.
26.10. 16:43:37.737    Writing settings INI.
26.10. 16:43:37.737    Launch executable: Syringe.exe
26.10. 16:43:37.737    Launch arguments:  "gamemd.exe" -SPAWN -CD -SPEEDCONTROL -LOG -AFFINITY:255
26.10. 16:43:37.742    GameProcessLogic: Process started.
26.10. 16:43:37.754    Waiting for qres.dat or Syringe.exe to exit.
26.10. 16:44:16.485    GameProcessLogic: Process exited.
26.10. 16:44:16.578    GameProcessExited: Parsing statistics.
26.10. 16:44:16.578    Parsing game statistics.
26.10. 16:44:16.579    Attempting to read statistics from Debug\debug.log
26.10. 16:44:16.591    GameProcessExited: Adding match to statistics.
26.10. 16:44:16.592    Skipping adding match to statistics because game only had one player.
26.10. 16:52:17.640    Writing spawn.ini
26.10. 16:52:17.641    Writing map.
26.10. 16:52:17.641    Loading map INI from C:/Program Files (x86)/MO Dev/MapsMO\Standard\reconcile.map
26.10. 16:52:17.651    About to launch main game executable.
26.10. 16:52:17.653    Writing settings INI.
26.10. 16:52:17.654    Launch executable: Syringe.exe
26.10. 16:52:17.654    Launch arguments:  "gamemd.exe" -SPAWN -CD -SPEEDCONTROL -LOG -AFFINITY:255
26.10. 16:52:17.659    GameProcessLogic: Process started.
26.10. 16:52:17.670    Waiting for qres.dat or Syringe.exe to exit.
26.10. 16:52:44.488    GameProcessLogic: Process exited.
26.10. 16:52:44.686    GameProcessExited: Parsing statistics.
26.10. 16:52:44.686    Parsing game statistics.
26.10. 16:52:44.686    Attempting to read statistics from Debug\debug.log
26.10. 16:52:44.696    GameProcessExited: Adding match to statistics.
26.10. 16:52:44.697    Skipping adding match to statistics because game only had one player.
26.10. 16:57:20.898    Writing spawn.ini
26.10. 16:57:20.898    Writing map.
26.10. 16:57:20.898    Loading map INI from C:/Program Files (x86)/MO Dev/MapsMO\Standard\reconcile.map
26.10. 16:57:20.908    About to launch main game executable.
26.10. 16:57:20.909    Writing settings INI.
26.10. 16:57:20.910    Launch executable: Syringe.exe
26.10. 16:57:20.910    Launch arguments:  "gamemd.exe" -SPAWN -CD -SPEEDCONTROL -LOG -AFFINITY:255
26.10. 16:57:20.916    GameProcessLogic: Process started.
26.10. 16:57:20.923    Waiting for qres.dat or Syringe.exe to exit.
26.10. 16:59:45.853    GameProcessLogic: Process exited.
26.10. 16:59:45.937    GameProcessExited: Parsing statistics.
26.10. 16:59:45.937    Parsing game statistics.
26.10. 16:59:45.938    Attempting to read statistics from Debug\debug.log
26.10. 16:59:45.948    GameProcessExited: Adding match to statistics.
26.10. 16:59:45.949    Skipping adding match to statistics because game only had one player.
26.10. 17:11:29.340    Writing spawn.ini
26.10. 17:11:29.340    Writing map.
26.10. 17:11:29.341    Loading map INI from C:/Program Files (x86)/MO Dev/MapsMO\Standard\reconcile.map
26.10. 17:11:29.350    About to launch main game executable.
26.10. 17:11:29.352    Writing settings INI.
26.10. 17:11:29.352    Launch executable: Syringe.exe
26.10. 17:11:29.352    Launch arguments:  "gamemd.exe" -SPAWN -CD -SPEEDCONTROL -LOG -AFFINITY:255
26.10. 17:11:29.357    GameProcessLogic: Process started.
26.10. 17:11:29.366    Waiting for qres.dat or Syringe.exe to exit.
26.10. 17:11:57.768    GameProcessLogic: Process exited.
26.10. 17:11:57.791    GameProcessExited: Parsing statistics.
26.10. 17:11:57.791    Parsing game statistics.
26.10. 17:11:57.791    Attempting to read statistics from Debug\debug.log
26.10. 17:11:57.799    GameProcessExited: Adding match to statistics.
26.10. 17:11:57.799    Skipping adding match to statistics because game only had one player.
26.10. 17:15:48.353    Writing spawn.ini
26.10. 17:15:48.354    Writing map.
26.10. 17:15:48.354    Loading map INI from C:/Program Files (x86)/MO Dev/MapsMO\Standard\reconcile.map
26.10. 17:15:48.364    About to launch main game executable.
26.10. 17:15:48.367    Writing settings INI.
26.10. 17:15:48.367    Launch executable: Syringe.exe
26.10. 17:15:48.367    Launch arguments:  "gamemd.exe" -SPAWN -CD -SPEEDCONTROL -LOG -AFFINITY:255
26.10. 17:15:48.374    GameProcessLogic: Process started.
26.10. 17:15:48.382    Waiting for qres.dat or Syringe.exe to exit.
26.10. 17:17:26.544    GameProcessLogic: Process exited.
26.10. 17:17:26.604    GameProcessExited: Parsing statistics.
26.10. 17:17:26.604    Parsing game statistics.
26.10. 17:17:26.604    Attempting to read statistics from Debug\debug.log
26.10. 17:17:26.614    GameProcessExited: Adding match to statistics.
26.10. 17:17:26.614    Skipping adding match to statistics because game only had one player.
26.10. 17:19:47.967    Writing spawn.ini
26.10. 17:19:47.968    Writing map.
26.10. 17:19:47.968    Loading map INI from C:/Program Files (x86)/MO Dev/MapsMO\Standard\reconcile.map
26.10. 17:19:47.979    About to launch main game executable.
26.10. 17:19:47.981    Writing settings INI.
26.10. 17:19:47.981    Launch executable: Syringe.exe
26.10. 17:19:47.981    Launch arguments:  "gamemd.exe" -SPAWN -CD -SPEEDCONTROL -LOG -AFFINITY:255
26.10. 17:19:47.986    GameProcessLogic: Process started.
26.10. 17:19:47.992    Waiting for qres.dat or Syringe.exe to exit.
26.10. 17:21:03.267    GameProcessLogic: Process exited.
26.10. 17:21:03.409    GameProcessExited: Parsing statistics.
26.10. 17:21:03.409    Parsing game statistics.
26.10. 17:21:03.409    Attempting to read statistics from Debug\debug.log
26.10. 17:21:03.416    GameProcessExited: Adding match to statistics.
26.10. 17:21:03.416    Skipping adding match to statistics because game only had one player.
26.10. 17:27:56.613    Writing spawn.ini
26.10. 17:27:56.614    Writing map.
26.10. 17:27:56.614    Loading map INI from C:/Program Files (x86)/MO Dev/MapsMO\Standard\reconcile.map
26.10. 17:27:56.624    About to launch main game executable.
26.10. 17:27:56.626    Writing settings INI.
26.10. 17:27:56.626    Launch executable: Syringe.exe
26.10. 17:27:56.626    Launch arguments:  "gamemd.exe" -SPAWN -CD -SPEEDCONTROL -LOG -AFFINITY:255
26.10. 17:27:56.632    GameProcessLogic: Process started.
26.10. 17:27:56.640    Waiting for qres.dat or Syringe.exe to exit.
26.10. 17:31:52.464    GameProcessLogic: Process exited.
26.10. 17:31:52.650    GameProcessExited: Parsing statistics.
26.10. 17:31:52.650    Parsing game statistics.
26.10. 17:31:52.650    Attempting to read statistics from Debug\debug.log
26.10. 17:31:52.660    GameProcessExited: Adding match to statistics.
26.10. 17:31:52.660    Skipping adding match to statistics because game only had one player.
26.10. 18:17:15.209    Saving friend and ignore list.
